{"C:\\Users\\jenny\\OneDrive\\Escritorio\\ejercicios\\VELVET\\Velvet_Front\\src\\assets\\audio\\sfx\\shuffling-cards.mp3": {"path":"C:\\Users\\jenny\\OneDrive\\Escritorio\\ejercicios\\VELVET\\Velvet_Front\\src\\assets\\audio\\sfx\\shuffling-cards.mp3","statementMap":{},"fnMap":{},"branchMap":{},"s":{},"f":{},"b":{},"meta":{"lastBranch":0,"lastFunction":0,"lastStatement":0,"seen":{},"fnNames":{}}}
,"C:\\Users\\jenny\\OneDrive\\Escritorio\\ejercicios\\VELVET\\Velvet_Front\\src\\assets\\audio\\soundtrack\\track01.mp3": {"path":"C:\\Users\\jenny\\OneDrive\\Escritorio\\ejercicios\\VELVET\\Velvet_Front\\src\\assets\\audio\\soundtrack\\track01.mp3","statementMap":{},"fnMap":{},"branchMap":{},"s":{},"f":{},"b":{},"meta":{"lastBranch":0,"lastFunction":0,"lastStatement":0,"seen":{},"fnNames":{}}}
,"C:\\Users\\jenny\\OneDrive\\Escritorio\\ejercicios\\VELVET\\Velvet_Front\\src\\assets\\audio\\soundtrack\\track02.mp3": {"path":"C:\\Users\\jenny\\OneDrive\\Escritorio\\ejercicios\\VELVET\\Velvet_Front\\src\\assets\\audio\\soundtrack\\track02.mp3","statementMap":{},"fnMap":{},"branchMap":{},"s":{},"f":{},"b":{},"meta":{"lastBranch":0,"lastFunction":0,"lastStatement":0,"seen":{},"fnNames":{}}}
,"C:\\Users\\jenny\\OneDrive\\Escritorio\\ejercicios\\VELVET\\Velvet_Front\\src\\assets\\audio\\soundtrack\\track03.mp3": {"path":"C:\\Users\\jenny\\OneDrive\\Escritorio\\ejercicios\\VELVET\\Velvet_Front\\src\\assets\\audio\\soundtrack\\track03.mp3","statementMap":{},"fnMap":{},"branchMap":{},"s":{},"f":{},"b":{},"meta":{"lastBranch":0,"lastFunction":0,"lastStatement":0,"seen":{},"fnNames":{}}}
,"C:\\Users\\jenny\\OneDrive\\Escritorio\\ejercicios\\VELVET\\Velvet_Front\\src\\assets\\audio\\soundtrack\\track04.mp3": {"path":"C:\\Users\\jenny\\OneDrive\\Escritorio\\ejercicios\\VELVET\\Velvet_Front\\src\\assets\\audio\\soundtrack\\track04.mp3","statementMap":{},"fnMap":{},"branchMap":{},"s":{},"f":{},"b":{},"meta":{"lastBranch":0,"lastFunction":0,"lastStatement":0,"seen":{},"fnNames":{}}}
,"C:\\Users\\jenny\\OneDrive\\Escritorio\\ejercicios\\VELVET\\Velvet_Front\\src\\assets\\audio\\soundtrack\\track05.mp3": {"path":"C:\\Users\\jenny\\OneDrive\\Escritorio\\ejercicios\\VELVET\\Velvet_Front\\src\\assets\\audio\\soundtrack\\track05.mp3","statementMap":{},"fnMap":{},"branchMap":{},"s":{},"f":{},"b":{},"meta":{"lastBranch":0,"lastFunction":0,"lastStatement":0,"seen":{},"fnNames":{}}}
,"C:\\Users\\jenny\\OneDrive\\Escritorio\\ejercicios\\VELVET\\Velvet_Front\\src\\assets\\audio\\soundtrack\\track06.mp3": {"path":"C:\\Users\\jenny\\OneDrive\\Escritorio\\ejercicios\\VELVET\\Velvet_Front\\src\\assets\\audio\\soundtrack\\track06.mp3","statementMap":{},"fnMap":{},"branchMap":{},"s":{},"f":{},"b":{},"meta":{"lastBranch":0,"lastFunction":0,"lastStatement":0,"seen":{},"fnNames":{}}}
,"C:\\Users\\jenny\\OneDrive\\Escritorio\\ejercicios\\VELVET\\Velvet_Front\\src\\assets\\audio\\soundtrack\\track07.mp3": {"path":"C:\\Users\\jenny\\OneDrive\\Escritorio\\ejercicios\\VELVET\\Velvet_Front\\src\\assets\\audio\\soundtrack\\track07.mp3","statementMap":{},"fnMap":{},"branchMap":{},"s":{},"f":{},"b":{},"meta":{"lastBranch":0,"lastFunction":0,"lastStatement":0,"seen":{},"fnNames":{}}}
,"C:\\Users\\jenny\\OneDrive\\Escritorio\\ejercicios\\VELVET\\Velvet_Front\\src\\assets\\audio\\soundtrack\\track08.mp3": {"path":"C:\\Users\\jenny\\OneDrive\\Escritorio\\ejercicios\\VELVET\\Velvet_Front\\src\\assets\\audio\\soundtrack\\track08.mp3","statementMap":{},"fnMap":{},"branchMap":{},"s":{},"f":{},"b":{},"meta":{"lastBranch":0,"lastFunction":0,"lastStatement":0,"seen":{},"fnNames":{}}}
,"C:\\Users\\jenny\\OneDrive\\Escritorio\\ejercicios\\VELVET\\Velvet_Front\\src\\assets\\audio\\soundtrack\\track09.mp3": {"path":"C:\\Users\\jenny\\OneDrive\\Escritorio\\ejercicios\\VELVET\\Velvet_Front\\src\\assets\\audio\\soundtrack\\track09.mp3","statementMap":{},"fnMap":{},"branchMap":{},"s":{},"f":{},"b":{},"meta":{"lastBranch":0,"lastFunction":0,"lastStatement":0,"seen":{},"fnNames":{}}}
,"C:\\Users\\jenny\\OneDrive\\Escritorio\\ejercicios\\VELVET\\Velvet_Front\\src\\assets\\audio\\soundtrack\\track10.mp3": {"path":"C:\\Users\\jenny\\OneDrive\\Escritorio\\ejercicios\\VELVET\\Velvet_Front\\src\\assets\\audio\\soundtrack\\track10.mp3","statementMap":{},"fnMap":{},"branchMap":{},"s":{},"f":{},"b":{},"meta":{"lastBranch":0,"lastFunction":0,"lastStatement":0,"seen":{},"fnNames":{}}}
,"C:\\Users\\jenny\\OneDrive\\Escritorio\\ejercicios\\VELVET\\Velvet_Front\\src\\assets\\audio\\soundtrack\\track11.mp3": {"path":"C:\\Users\\jenny\\OneDrive\\Escritorio\\ejercicios\\VELVET\\Velvet_Front\\src\\assets\\audio\\soundtrack\\track11.mp3","statementMap":{},"fnMap":{},"branchMap":{},"s":{},"f":{},"b":{},"meta":{"lastBranch":0,"lastFunction":0,"lastStatement":0,"seen":{},"fnNames":{}}}
,"C:\\Users\\jenny\\OneDrive\\Escritorio\\ejercicios\\VELVET\\Velvet_Front\\src\\assets\\audio\\soundtrack\\track12.mp3": {"path":"C:\\Users\\jenny\\OneDrive\\Escritorio\\ejercicios\\VELVET\\Velvet_Front\\src\\assets\\audio\\soundtrack\\track12.mp3","statementMap":{},"fnMap":{},"branchMap":{},"s":{},"f":{},"b":{},"meta":{"lastBranch":0,"lastFunction":0,"lastStatement":0,"seen":{},"fnNames":{}}}
,"C:\\Users\\jenny\\OneDrive\\Escritorio\\ejercicios\\VELVET\\Velvet_Front\\src\\assets\\audio\\soundtrack\\track13.mp3": {"path":"C:\\Users\\jenny\\OneDrive\\Escritorio\\ejercicios\\VELVET\\Velvet_Front\\src\\assets\\audio\\soundtrack\\track13.mp3","statementMap":{},"fnMap":{},"branchMap":{},"s":{},"f":{},"b":{},"meta":{"lastBranch":0,"lastFunction":0,"lastStatement":0,"seen":{},"fnNames":{}}}
,"C:\\Users\\jenny\\OneDrive\\Escritorio\\ejercicios\\VELVET\\Velvet_Front\\src\\assets\\audio\\soundtrack\\track14.mp3": {"path":"C:\\Users\\jenny\\OneDrive\\Escritorio\\ejercicios\\VELVET\\Velvet_Front\\src\\assets\\audio\\soundtrack\\track14.mp3","statementMap":{},"fnMap":{},"branchMap":{},"s":{},"f":{},"b":{},"meta":{"lastBranch":0,"lastFunction":0,"lastStatement":0,"seen":{},"fnNames":{}}}
,"C:\\Users\\jenny\\OneDrive\\Escritorio\\ejercicios\\VELVET\\Velvet_Front\\src\\assets\\audio\\soundtrack\\track15.mp3": {"path":"C:\\Users\\jenny\\OneDrive\\Escritorio\\ejercicios\\VELVET\\Velvet_Front\\src\\assets\\audio\\soundtrack\\track15.mp3","statementMap":{},"fnMap":{},"branchMap":{},"s":{},"f":{},"b":{},"meta":{"lastBranch":0,"lastFunction":0,"lastStatement":0,"seen":{},"fnNames":{}}}
,"C:\\Users\\jenny\\OneDrive\\Escritorio\\ejercicios\\VELVET\\Velvet_Front\\src\\assets\\audio\\soundtrack\\track16.mp3": {"path":"C:\\Users\\jenny\\OneDrive\\Escritorio\\ejercicios\\VELVET\\Velvet_Front\\src\\assets\\audio\\soundtrack\\track16.mp3","statementMap":{},"fnMap":{},"branchMap":{},"s":{},"f":{},"b":{},"meta":{"lastBranch":0,"lastFunction":0,"lastStatement":0,"seen":{},"fnNames":{}}}
,"C:\\Users\\jenny\\OneDrive\\Escritorio\\ejercicios\\VELVET\\Velvet_Front\\src\\assets\\audio\\soundtrack\\track17.mp3": {"path":"C:\\Users\\jenny\\OneDrive\\Escritorio\\ejercicios\\VELVET\\Velvet_Front\\src\\assets\\audio\\soundtrack\\track17.mp3","statementMap":{},"fnMap":{},"branchMap":{},"s":{},"f":{},"b":{},"meta":{"lastBranch":0,"lastFunction":0,"lastStatement":0,"seen":{},"fnNames":{}}}
,"C:\\Users\\jenny\\OneDrive\\Escritorio\\ejercicios\\VELVET\\Velvet_Front\\src\\assets\\audio\\soundtrack\\track18.mp3": {"path":"C:\\Users\\jenny\\OneDrive\\Escritorio\\ejercicios\\VELVET\\Velvet_Front\\src\\assets\\audio\\soundtrack\\track18.mp3","statementMap":{},"fnMap":{},"branchMap":{},"s":{},"f":{},"b":{},"meta":{"lastBranch":0,"lastFunction":0,"lastStatement":0,"seen":{},"fnNames":{}}}
,"C:\\Users\\jenny\\OneDrive\\Escritorio\\ejercicios\\VELVET\\Velvet_Front\\src\\assets\\audio\\soundtrack\\track19.mp3": {"path":"C:\\Users\\jenny\\OneDrive\\Escritorio\\ejercicios\\VELVET\\Velvet_Front\\src\\assets\\audio\\soundtrack\\track19.mp3","statementMap":{},"fnMap":{},"branchMap":{},"s":{},"f":{},"b":{},"meta":{"lastBranch":0,"lastFunction":0,"lastStatement":0,"seen":{},"fnNames":{}}}
,"C:\\Users\\jenny\\OneDrive\\Escritorio\\ejercicios\\VELVET\\Velvet_Front\\src\\assets\\audio\\soundtrack\\track20.mp3": {"path":"C:\\Users\\jenny\\OneDrive\\Escritorio\\ejercicios\\VELVET\\Velvet_Front\\src\\assets\\audio\\soundtrack\\track20.mp3","statementMap":{},"fnMap":{},"branchMap":{},"s":{},"f":{},"b":{},"meta":{"lastBranch":0,"lastFunction":0,"lastStatement":0,"seen":{},"fnNames":{}}}
,"C:\\Users\\jenny\\OneDrive\\Escritorio\\ejercicios\\VELVET\\Velvet_Front\\src\\assets\\audio\\soundtrack\\track21.mp3": {"path":"C:\\Users\\jenny\\OneDrive\\Escritorio\\ejercicios\\VELVET\\Velvet_Front\\src\\assets\\audio\\soundtrack\\track21.mp3","statementMap":{},"fnMap":{},"branchMap":{},"s":{},"f":{},"b":{},"meta":{"lastBranch":0,"lastFunction":0,"lastStatement":0,"seen":{},"fnNames":{}}}
,"C:\\Users\\jenny\\OneDrive\\Escritorio\\ejercicios\\VELVET\\Velvet_Front\\src\\assets\\audio\\soundtrack\\track22.mp3": {"path":"C:\\Users\\jenny\\OneDrive\\Escritorio\\ejercicios\\VELVET\\Velvet_Front\\src\\assets\\audio\\soundtrack\\track22.mp3","statementMap":{},"fnMap":{},"branchMap":{},"s":{},"f":{},"b":{},"meta":{"lastBranch":0,"lastFunction":0,"lastStatement":0,"seen":{},"fnNames":{}}}
,"C:\\Users\\jenny\\OneDrive\\Escritorio\\ejercicios\\VELVET\\Velvet_Front\\src\\assets\\audio\\soundtrack\\track23.mp3": {"path":"C:\\Users\\jenny\\OneDrive\\Escritorio\\ejercicios\\VELVET\\Velvet_Front\\src\\assets\\audio\\soundtrack\\track23.mp3","statementMap":{},"fnMap":{},"branchMap":{},"s":{},"f":{},"b":{},"meta":{"lastBranch":0,"lastFunction":0,"lastStatement":0,"seen":{},"fnNames":{}}}
,"C:\\Users\\jenny\\OneDrive\\Escritorio\\ejercicios\\VELVET\\Velvet_Front\\src\\assets\\audio\\soundtrack\\track24.mp3": {"path":"C:\\Users\\jenny\\OneDrive\\Escritorio\\ejercicios\\VELVET\\Velvet_Front\\src\\assets\\audio\\soundtrack\\track24.mp3","statementMap":{},"fnMap":{},"branchMap":{},"s":{},"f":{},"b":{},"meta":{"lastBranch":0,"lastFunction":0,"lastStatement":0,"seen":{},"fnNames":{}}}
,"C:\\Users\\jenny\\OneDrive\\Escritorio\\ejercicios\\VELVET\\Velvet_Front\\src\\assets\\avatars\\Syaoran1.png": {"path":"C:\\Users\\jenny\\OneDrive\\Escritorio\\ejercicios\\VELVET\\Velvet_Front\\src\\assets\\avatars\\Syaoran1.png","statementMap":{},"fnMap":{},"branchMap":{},"s":{},"f":{},"b":{},"meta":{"lastBranch":0,"lastFunction":0,"lastStatement":0,"seen":{},"fnNames":{}}}
,"C:\\Users\\jenny\\OneDrive\\Escritorio\\ejercicios\\VELVET\\Velvet_Front\\src\\assets\\avatars\\Syaoran2.png": {"path":"C:\\Users\\jenny\\OneDrive\\Escritorio\\ejercicios\\VELVET\\Velvet_Front\\src\\assets\\avatars\\Syaoran2.png","statementMap":{},"fnMap":{},"branchMap":{},"s":{},"f":{},"b":{},"meta":{"lastBranch":0,"lastFunction":0,"lastStatement":0,"seen":{},"fnNames":{}}}
,"C:\\Users\\jenny\\OneDrive\\Escritorio\\ejercicios\\VELVET\\Velvet_Front\\src\\assets\\avatars\\Touya1.png": {"path":"C:\\Users\\jenny\\OneDrive\\Escritorio\\ejercicios\\VELVET\\Velvet_Front\\src\\assets\\avatars\\Touya1.png","statementMap":{},"fnMap":{},"branchMap":{},"s":{},"f":{},"b":{},"meta":{"lastBranch":0,"lastFunction":0,"lastStatement":0,"seen":{},"fnNames":{}}}
,"C:\\Users\\jenny\\OneDrive\\Escritorio\\ejercicios\\VELVET\\Velvet_Front\\src\\assets\\avatars\\Touya2.png": {"path":"C:\\Users\\jenny\\OneDrive\\Escritorio\\ejercicios\\VELVET\\Velvet_Front\\src\\assets\\avatars\\Touya2.png","statementMap":{},"fnMap":{},"branchMap":{},"s":{},"f":{},"b":{},"meta":{"lastBranch":0,"lastFunction":0,"lastStatement":0,"seen":{},"fnNames":{}}}
,"C:\\Users\\jenny\\OneDrive\\Escritorio\\ejercicios\\VELVET\\Velvet_Front\\src\\assets\\avatars\\kero1.png": {"path":"C:\\Users\\jenny\\OneDrive\\Escritorio\\ejercicios\\VELVET\\Velvet_Front\\src\\assets\\avatars\\kero1.png","statementMap":{},"fnMap":{},"branchMap":{},"s":{},"f":{},"b":{},"meta":{"lastBranch":0,"lastFunction":0,"lastStatement":0,"seen":{},"fnNames":{}}}
,"C:\\Users\\jenny\\OneDrive\\Escritorio\\ejercicios\\VELVET\\Velvet_Front\\src\\assets\\avatars\\kero2.png": {"path":"C:\\Users\\jenny\\OneDrive\\Escritorio\\ejercicios\\VELVET\\Velvet_Front\\src\\assets\\avatars\\kero2.png","statementMap":{},"fnMap":{},"branchMap":{},"s":{},"f":{},"b":{},"meta":{"lastBranch":0,"lastFunction":0,"lastStatement":0,"seen":{},"fnNames":{}}}
,"C:\\Users\\jenny\\OneDrive\\Escritorio\\ejercicios\\VELVET\\Velvet_Front\\src\\assets\\avatars\\meiling1.png": {"path":"C:\\Users\\jenny\\OneDrive\\Escritorio\\ejercicios\\VELVET\\Velvet_Front\\src\\assets\\avatars\\meiling1.png","statementMap":{},"fnMap":{},"branchMap":{},"s":{},"f":{},"b":{},"meta":{"lastBranch":0,"lastFunction":0,"lastStatement":0,"seen":{},"fnNames":{}}}
,"C:\\Users\\jenny\\OneDrive\\Escritorio\\ejercicios\\VELVET\\Velvet_Front\\src\\assets\\avatars\\meiling2.png": {"path":"C:\\Users\\jenny\\OneDrive\\Escritorio\\ejercicios\\VELVET\\Velvet_Front\\src\\assets\\avatars\\meiling2.png","statementMap":{},"fnMap":{},"branchMap":{},"s":{},"f":{},"b":{},"meta":{"lastBranch":0,"lastFunction":0,"lastStatement":0,"seen":{},"fnNames":{}}}
,"C:\\Users\\jenny\\OneDrive\\Escritorio\\ejercicios\\VELVET\\Velvet_Front\\src\\assets\\avatars\\sakura1.png": {"path":"C:\\Users\\jenny\\OneDrive\\Escritorio\\ejercicios\\VELVET\\Velvet_Front\\src\\assets\\avatars\\sakura1.png","statementMap":{},"fnMap":{},"branchMap":{},"s":{},"f":{},"b":{},"meta":{"lastBranch":0,"lastFunction":0,"lastStatement":0,"seen":{},"fnNames":{}}}
,"C:\\Users\\jenny\\OneDrive\\Escritorio\\ejercicios\\VELVET\\Velvet_Front\\src\\assets\\avatars\\sakura2.png": {"path":"C:\\Users\\jenny\\OneDrive\\Escritorio\\ejercicios\\VELVET\\Velvet_Front\\src\\assets\\avatars\\sakura2.png","statementMap":{},"fnMap":{},"branchMap":{},"s":{},"f":{},"b":{},"meta":{"lastBranch":0,"lastFunction":0,"lastStatement":0,"seen":{},"fnNames":{}}}
,"C:\\Users\\jenny\\OneDrive\\Escritorio\\ejercicios\\VELVET\\Velvet_Front\\src\\assets\\avatars\\tomoyo1.png": {"path":"C:\\Users\\jenny\\OneDrive\\Escritorio\\ejercicios\\VELVET\\Velvet_Front\\src\\assets\\avatars\\tomoyo1.png","statementMap":{},"fnMap":{},"branchMap":{},"s":{},"f":{},"b":{},"meta":{"lastBranch":0,"lastFunction":0,"lastStatement":0,"seen":{},"fnNames":{}}}
,"C:\\Users\\jenny\\OneDrive\\Escritorio\\ejercicios\\VELVET\\Velvet_Front\\src\\assets\\avatars\\tomoyo2.png": {"path":"C:\\Users\\jenny\\OneDrive\\Escritorio\\ejercicios\\VELVET\\Velvet_Front\\src\\assets\\avatars\\tomoyo2.png","statementMap":{},"fnMap":{},"branchMap":{},"s":{},"f":{},"b":{},"meta":{"lastBranch":0,"lastFunction":0,"lastStatement":0,"seen":{},"fnNames":{}}}
,"C:\\Users\\jenny\\OneDrive\\Escritorio\\ejercicios\\VELVET\\Velvet_Front\\src\\assets\\avatars\\yue1.png": {"path":"C:\\Users\\jenny\\OneDrive\\Escritorio\\ejercicios\\VELVET\\Velvet_Front\\src\\assets\\avatars\\yue1.png","statementMap":{},"fnMap":{},"branchMap":{},"s":{},"f":{},"b":{},"meta":{"lastBranch":0,"lastFunction":0,"lastStatement":0,"seen":{},"fnNames":{}}}
,"C:\\Users\\jenny\\OneDrive\\Escritorio\\ejercicios\\VELVET\\Velvet_Front\\src\\assets\\avatars\\yue2.png": {"path":"C:\\Users\\jenny\\OneDrive\\Escritorio\\ejercicios\\VELVET\\Velvet_Front\\src\\assets\\avatars\\yue2.png","statementMap":{},"fnMap":{},"branchMap":{},"s":{},"f":{},"b":{},"meta":{"lastBranch":0,"lastFunction":0,"lastStatement":0,"seen":{},"fnNames":{}}}
,"C:\\Users\\jenny\\OneDrive\\Escritorio\\ejercicios\\VELVET\\Velvet_Front\\src\\assets\\avatars\\yukito1.png": {"path":"C:\\Users\\jenny\\OneDrive\\Escritorio\\ejercicios\\VELVET\\Velvet_Front\\src\\assets\\avatars\\yukito1.png","statementMap":{},"fnMap":{},"branchMap":{},"s":{},"f":{},"b":{},"meta":{"lastBranch":0,"lastFunction":0,"lastStatement":0,"seen":{},"fnNames":{}}}
,"C:\\Users\\jenny\\OneDrive\\Escritorio\\ejercicios\\VELVET\\Velvet_Front\\src\\assets\\avatars\\yukito2.png": {"path":"C:\\Users\\jenny\\OneDrive\\Escritorio\\ejercicios\\VELVET\\Velvet_Front\\src\\assets\\avatars\\yukito2.png","statementMap":{},"fnMap":{},"branchMap":{},"s":{},"f":{},"b":{},"meta":{"lastBranch":0,"lastFunction":0,"lastStatement":0,"seen":{},"fnNames":{}}}
,"C:\\Users\\jenny\\OneDrive\\Escritorio\\ejercicios\\VELVET\\Velvet_Front\\src\\assets\\images\\Logo.png": {"path":"C:\\Users\\jenny\\OneDrive\\Escritorio\\ejercicios\\VELVET\\Velvet_Front\\src\\assets\\images\\Logo.png","statementMap":{},"fnMap":{},"branchMap":{},"s":{},"f":{},"b":{},"meta":{"lastBranch":0,"lastFunction":0,"lastStatement":0,"seen":{},"fnNames":{}}}
,"C:\\Users\\jenny\\OneDrive\\Escritorio\\ejercicios\\VELVET\\Velvet_Front\\src\\assets\\images\\flecha_derecha.png": {"path":"C:\\Users\\jenny\\OneDrive\\Escritorio\\ejercicios\\VELVET\\Velvet_Front\\src\\assets\\images\\flecha_derecha.png","statementMap":{},"fnMap":{},"branchMap":{},"s":{},"f":{},"b":{},"meta":{"lastBranch":0,"lastFunction":0,"lastStatement":0,"seen":{},"fnNames":{}}}
,"C:\\Users\\jenny\\OneDrive\\Escritorio\\ejercicios\\VELVET\\Velvet_Front\\src\\assets\\images\\flecha_izquierda.png": {"path":"C:\\Users\\jenny\\OneDrive\\Escritorio\\ejercicios\\VELVET\\Velvet_Front\\src\\assets\\images\\flecha_izquierda.png","statementMap":{},"fnMap":{},"branchMap":{},"s":{},"f":{},"b":{},"meta":{"lastBranch":0,"lastFunction":0,"lastStatement":0,"seen":{},"fnNames":{}}}
,"C:\\Users\\jenny\\OneDrive\\Escritorio\\ejercicios\\VELVET\\Velvet_Front\\src\\assets\\images\\profile_image.png": {"path":"C:\\Users\\jenny\\OneDrive\\Escritorio\\ejercicios\\VELVET\\Velvet_Front\\src\\assets\\images\\profile_image.png","statementMap":{},"fnMap":{},"branchMap":{},"s":{},"f":{},"b":{},"meta":{"lastBranch":0,"lastFunction":0,"lastStatement":0,"seen":{},"fnNames":{}}}
,"C:\\Users\\jenny\\OneDrive\\Escritorio\\ejercicios\\VELVET\\Velvet_Front\\src\\assets\\images\\loading\\card.png": {"path":"C:\\Users\\jenny\\OneDrive\\Escritorio\\ejercicios\\VELVET\\Velvet_Front\\src\\assets\\images\\loading\\card.png","statementMap":{},"fnMap":{},"branchMap":{},"s":{},"f":{},"b":{},"meta":{"lastBranch":0,"lastFunction":0,"lastStatement":0,"seen":{},"fnNames":{}}}
,"C:\\Users\\jenny\\OneDrive\\Escritorio\\ejercicios\\VELVET\\Velvet_Front\\src\\assets\\images\\loading\\clouds.png": {"path":"C:\\Users\\jenny\\OneDrive\\Escritorio\\ejercicios\\VELVET\\Velvet_Front\\src\\assets\\images\\loading\\clouds.png","statementMap":{},"fnMap":{},"branchMap":{},"s":{},"f":{},"b":{},"meta":{"lastBranch":0,"lastFunction":0,"lastStatement":0,"seen":{},"fnNames":{}}}
,"C:\\Users\\jenny\\OneDrive\\Escritorio\\ejercicios\\VELVET\\Velvet_Front\\src\\assets\\images\\loading\\logo.png": {"path":"C:\\Users\\jenny\\OneDrive\\Escritorio\\ejercicios\\VELVET\\Velvet_Front\\src\\assets\\images\\loading\\logo.png","statementMap":{},"fnMap":{},"branchMap":{},"s":{},"f":{},"b":{},"meta":{"lastBranch":0,"lastFunction":0,"lastStatement":0,"seen":{},"fnNames":{}}}
,"C:\\Users\\jenny\\OneDrive\\Escritorio\\ejercicios\\VELVET\\Velvet_Front\\src\\assets\\images\\loading\\magic-circle.png": {"path":"C:\\Users\\jenny\\OneDrive\\Escritorio\\ejercicios\\VELVET\\Velvet_Front\\src\\assets\\images\\loading\\magic-circle.png","statementMap":{},"fnMap":{},"branchMap":{},"s":{},"f":{},"b":{},"meta":{"lastBranch":0,"lastFunction":0,"lastStatement":0,"seen":{},"fnNames":{}}}
,"C:\\Users\\jenny\\OneDrive\\Escritorio\\ejercicios\\VELVET\\Velvet_Front\\src\\assets\\images\\loading\\sakurachibi.png": {"path":"C:\\Users\\jenny\\OneDrive\\Escritorio\\ejercicios\\VELVET\\Velvet_Front\\src\\assets\\images\\loading\\sakurachibi.png","statementMap":{},"fnMap":{},"branchMap":{},"s":{},"f":{},"b":{},"meta":{"lastBranch":0,"lastFunction":0,"lastStatement":0,"seen":{},"fnNames":{}}}
,"C:\\Users\\jenny\\OneDrive\\Escritorio\\ejercicios\\VELVET\\Velvet_Front\\src\\assets\\images\\loading\\wand.png": {"path":"C:\\Users\\jenny\\OneDrive\\Escritorio\\ejercicios\\VELVET\\Velvet_Front\\src\\assets\\images\\loading\\wand.png","statementMap":{},"fnMap":{},"branchMap":{},"s":{},"f":{},"b":{},"meta":{"lastBranch":0,"lastFunction":0,"lastStatement":0,"seen":{},"fnNames":{}}}
,"C:\\Users\\jenny\\OneDrive\\Escritorio\\ejercicios\\VELVET\\Velvet_Front\\src\\components\\atoms\\Button\\Button.jsx": {"path":"C:\\Users\\jenny\\OneDrive\\Escritorio\\ejercicios\\VELVET\\Velvet_Front\\src\\components\\atoms\\Button\\Button.jsx","statementMap":{"0":{"start":{"line":4,"column":6},"end":{"line":12,"column":null}},"1":{"start":{"line":5,"column":21},"end":{"line":5,"column":33}},"2":{"start":{"line":6,"column":0},"end":{"line":9,"column":null}},"3":{"start":{"line":8,"column":44},"end":{"line":8,"column":61}}},"fnMap":{"0":{"name":"(anonymous_0)","decl":{"start":{"line":4,"column":6},"end":{"line":4,"column":14}},"loc":{"start":{"line":4,"column":38},"end":{"line":12,"column":null}},"line":4},"1":{"name":"(anonymous_1)","decl":{"start":{"line":8,"column":29},"end":{"line":8,"column":44}},"loc":{"start":{"line":8,"column":44},"end":{"line":8,"column":61}},"line":8}},"branchMap":{},"s":{"0":4,"1":227,"2":227,"3":11},"f":{"0":227,"1":11},"b":{},"meta":{"lastBranch":0,"lastFunction":2,"lastStatement":4,"seen":{"s:4:6:12:Infinity":0,"f:4:6:4:14":0,"s:5:21:5:33":1,"s:6:0:9:Infinity":2,"f:8:29:8:44":1,"s:8:44:8:61":3},"fnNames":{}}}
,"C:\\Users\\jenny\\OneDrive\\Escritorio\\ejercicios\\VELVET\\Velvet_Front\\src\\components\\atoms\\Button\\button.css": {"path":"C:\\Users\\jenny\\OneDrive\\Escritorio\\ejercicios\\VELVET\\Velvet_Front\\src\\components\\atoms\\Button\\button.css","statementMap":{},"fnMap":{},"branchMap":{},"s":{},"f":{},"b":{},"meta":{"lastBranch":0,"lastFunction":0,"lastStatement":0,"seen":{},"fnNames":{}}}
,"C:\\Users\\jenny\\OneDrive\\Escritorio\\ejercicios\\VELVET\\Velvet_Front\\src\\components\\atoms\\CheckButton\\CheckButton.jsx": {"path":"C:\\Users\\jenny\\OneDrive\\Escritorio\\ejercicios\\VELVET\\Velvet_Front\\src\\components\\atoms\\CheckButton\\CheckButton.jsx","statementMap":{"0":{"start":{"line":3,"column":6},"end":{"line":11,"column":null}},"1":{"start":{"line":4,"column":4},"end":{"line":9,"column":null}}},"fnMap":{"0":{"name":"(anonymous_0)","decl":{"start":{"line":3,"column":6},"end":{"line":3,"column":21}},"loc":{"start":{"line":3,"column":36},"end":{"line":11,"column":null}},"line":3}},"branchMap":{},"s":{"0":1,"1":2},"f":{"0":2},"b":{},"meta":{"lastBranch":0,"lastFunction":1,"lastStatement":2,"seen":{"s:3:6:11:Infinity":0,"f:3:6:3:21":0,"s:4:4:9:Infinity":1},"fnNames":{}}}
,"C:\\Users\\jenny\\OneDrive\\Escritorio\\ejercicios\\VELVET\\Velvet_Front\\src\\components\\atoms\\CheckButton\\check-button.module.css": {"path":"C:\\Users\\jenny\\OneDrive\\Escritorio\\ejercicios\\VELVET\\Velvet_Front\\src\\components\\atoms\\CheckButton\\check-button.module.css","statementMap":{},"fnMap":{},"branchMap":{},"s":{},"f":{},"b":{},"meta":{"lastBranch":0,"lastFunction":0,"lastStatement":0,"seen":{},"fnNames":{}}}
,"C:\\Users\\jenny\\OneDrive\\Escritorio\\ejercicios\\VELVET\\Velvet_Front\\src\\components\\atoms\\EditButton\\EditButton.jsx": {"path":"C:\\Users\\jenny\\OneDrive\\Escritorio\\ejercicios\\VELVET\\Velvet_Front\\src\\components\\atoms\\EditButton\\EditButton.jsx","statementMap":{"0":{"start":{"line":3,"column":6},"end":{"line":11,"column":null}},"1":{"start":{"line":4,"column":4},"end":{"line":9,"column":null}}},"fnMap":{"0":{"name":"(anonymous_0)","decl":{"start":{"line":3,"column":6},"end":{"line":3,"column":20}},"loc":{"start":{"line":3,"column":39},"end":{"line":11,"column":null}},"line":3}},"branchMap":{},"s":{"0":2,"1":72},"f":{"0":72},"b":{},"meta":{"lastBranch":0,"lastFunction":1,"lastStatement":2,"seen":{"s:3:6:11:Infinity":0,"f:3:6:3:20":0,"s:4:4:9:Infinity":1},"fnNames":{}}}
,"C:\\Users\\jenny\\OneDrive\\Escritorio\\ejercicios\\VELVET\\Velvet_Front\\src\\components\\atoms\\EditButton\\edit-button.module.css": {"path":"C:\\Users\\jenny\\OneDrive\\Escritorio\\ejercicios\\VELVET\\Velvet_Front\\src\\components\\atoms\\EditButton\\edit-button.module.css","statementMap":{},"fnMap":{},"branchMap":{},"s":{},"f":{},"b":{},"meta":{"lastBranch":0,"lastFunction":0,"lastStatement":0,"seen":{},"fnNames":{}}}
,"C:\\Users\\jenny\\OneDrive\\Escritorio\\ejercicios\\VELVET\\Velvet_Front\\src\\components\\atoms\\PasswordInput\\PasswordInput.jsx": {"path":"C:\\Users\\jenny\\OneDrive\\Escritorio\\ejercicios\\VELVET\\Velvet_Front\\src\\components\\atoms\\PasswordInput\\PasswordInput.jsx","statementMap":{"0":{"start":{"line":4,"column":6},"end":{"line":29,"column":null}},"1":{"start":{"line":5,"column":34},"end":{"line":5,"column":null}},"2":{"start":{"line":7,"column":4},"end":{"line":27,"column":null}},"3":{"start":{"line":21,"column":31},"end":{"line":21,"column":null}},"4":{"start":{"line":21,"column":49},"end":{"line":21,"column":51}}},"fnMap":{"0":{"name":"(anonymous_0)","decl":{"start":{"line":4,"column":6},"end":{"line":4,"column":23}},"loc":{"start":{"line":4,"column":81},"end":{"line":29,"column":null}},"line":4},"1":{"name":"(anonymous_1)","decl":{"start":{"line":21,"column":16},"end":{"line":21,"column":31}},"loc":{"start":{"line":21,"column":31},"end":{"line":21,"column":null}},"line":21},"2":{"name":"(anonymous_2)","decl":{"start":{"line":21,"column":31},"end":{"line":21,"column":43}},"loc":{"start":{"line":21,"column":49},"end":{"line":21,"column":51}},"line":21}},"branchMap":{"0":{"loc":{"start":{"line":10,"column":22},"end":{"line":10,"column":null}},"type":"cond-expr","locations":[{"start":{"line":10,"column":32},"end":{"line":10,"column":41}},{"start":{"line":10,"column":41},"end":{"line":10,"column":null}}],"line":10},"1":{"loc":{"start":{"line":12,"column":22},"end":{"line":12,"column":null}},"type":"binary-expr","locations":[{"start":{"line":12,"column":22},"end":{"line":12,"column":30}},{"start":{"line":12,"column":30},"end":{"line":12,"column":null}}],"line":12},"2":{"loc":{"start":{"line":16,"column":46},"end":{"line":16,"column":null}},"type":"binary-expr","locations":[{"start":{"line":16,"column":46},"end":{"line":16,"column":59}},{"start":{"line":16,"column":59},"end":{"line":16,"column":null}}],"line":16},"3":{"loc":{"start":{"line":23,"column":28},"end":{"line":23,"column":null}},"type":"cond-expr","locations":[{"start":{"line":23,"column":38},"end":{"line":23,"column":61}},{"start":{"line":23,"column":61},"end":{"line":23,"column":null}}],"line":23},"4":{"loc":{"start":{"line":25,"column":17},"end":{"line":25,"column":null}},"type":"cond-expr","locations":[{"start":{"line":25,"column":27},"end":{"line":25,"column":34}},{"start":{"line":25,"column":34},"end":{"line":25,"column":null}}],"line":25}},"s":{"0":4,"1":271,"2":271,"3":3,"4":3},"f":{"0":271,"1":3,"2":3},"b":{"0":[2,269],"1":[271,270],"2":[271,10],"3":[2,269],"4":[2,269]},"meta":{"lastBranch":5,"lastFunction":3,"lastStatement":5,"seen":{"s:4:6:29:Infinity":0,"f:4:6:4:23":0,"s:5:34:5:Infinity":1,"s:7:4:27:Infinity":2,"b:10:32:10:41:10:41:10:Infinity":0,"b:12:22:12:30:12:30:12:Infinity":1,"b:16:46:16:59:16:59:16:Infinity":2,"f:21:16:21:31":1,"s:21:31:21:Infinity":3,"f:21:31:21:43":2,"s:21:49:21:51":4,"b:23:38:23:61:23:61:23:Infinity":3,"b:25:27:25:34:25:34:25:Infinity":4},"fnNames":{}}}
,"C:\\Users\\jenny\\OneDrive\\Escritorio\\ejercicios\\VELVET\\Velvet_Front\\src\\components\\atoms\\PasswordInput\\password-input.module.css": {"path":"C:\\Users\\jenny\\OneDrive\\Escritorio\\ejercicios\\VELVET\\Velvet_Front\\src\\components\\atoms\\PasswordInput\\password-input.module.css","statementMap":{},"fnMap":{},"branchMap":{},"s":{},"f":{},"b":{},"meta":{"lastBranch":0,"lastFunction":0,"lastStatement":0,"seen":{},"fnNames":{}}}
,"C:\\Users\\jenny\\OneDrive\\Escritorio\\ejercicios\\VELVET\\Velvet_Front\\src\\components\\atoms\\ScrollToTopHistory\\ScrollToTopHistory.jsx": {"path":"C:\\Users\\jenny\\OneDrive\\Escritorio\\ejercicios\\VELVET\\Velvet_Front\\src\\components\\atoms\\ScrollToTopHistory\\ScrollToTopHistory.jsx","statementMap":{"0":{"start":{"line":4,"column":6},"end":{"line":31,"column":null}},"1":{"start":{"line":5,"column":38},"end":{"line":5,"column":null}},"2":{"start":{"line":7,"column":4},"end":{"line":13,"column":null}},"3":{"start":{"line":8,"column":14},"end":{"line":10,"column":null}},"4":{"start":{"line":9,"column":12},"end":{"line":9,"column":null}},"5":{"start":{"line":11,"column":8},"end":{"line":11,"column":null}},"6":{"start":{"line":12,"column":8},"end":{"line":12,"column":null}},"7":{"start":{"line":12,"column":21},"end":{"line":12,"column":null}},"8":{"start":{"line":15,"column":10},"end":{"line":17,"column":null}},"9":{"start":{"line":16,"column":8},"end":{"line":16,"column":null}},"10":{"start":{"line":19,"column":4},"end":{"line":19,"column":null}},"11":{"start":{"line":19,"column":20},"end":{"line":19,"column":null}},"12":{"start":{"line":21,"column":4},"end":{"line":29,"column":null}}},"fnMap":{"0":{"name":"(anonymous_0)","decl":{"start":{"line":4,"column":6},"end":{"line":4,"column":33}},"loc":{"start":{"line":4,"column":33},"end":{"line":31,"column":null}},"line":4},"1":{"name":"(anonymous_1)","decl":{"start":{"line":7,"column":4},"end":{"line":7,"column":20}},"loc":{"start":{"line":7,"column":20},"end":{"line":13,"column":7}},"line":7},"2":{"name":"(anonymous_2)","decl":{"start":{"line":8,"column":14},"end":{"line":8,"column":35}},"loc":{"start":{"line":8,"column":35},"end":{"line":10,"column":null}},"line":8},"3":{"name":"(anonymous_3)","decl":{"start":{"line":12,"column":8},"end":{"line":12,"column":21}},"loc":{"start":{"line":12,"column":21},"end":{"line":12,"column":null}},"line":12},"4":{"name":"(anonymous_4)","decl":{"start":{"line":15,"column":10},"end":{"line":15,"column":30}},"loc":{"start":{"line":15,"column":30},"end":{"line":17,"column":null}},"line":15}},"branchMap":{"0":{"loc":{"start":{"line":19,"column":4},"end":{"line":19,"column":null}},"type":"if","locations":[{"start":{"line":19,"column":4},"end":{"line":19,"column":null}},{"start":{},"end":{}}],"line":19}},"s":{"0":1,"1":8,"2":8,"3":4,"4":4,"5":4,"6":4,"7":4,"8":8,"9":1,"10":8,"11":5,"12":3},"f":{"0":8,"1":4,"2":4,"3":4,"4":1},"b":{"0":[5,3]},"meta":{"lastBranch":1,"lastFunction":5,"lastStatement":13,"seen":{"s:4:6:31:Infinity":0,"f:4:6:4:33":0,"s:5:38:5:Infinity":1,"s:7:4:13:Infinity":2,"f:7:4:7:20":1,"s:8:14:10:Infinity":3,"f:8:14:8:35":2,"s:9:12:9:Infinity":4,"s:11:8:11:Infinity":5,"s:12:8:12:Infinity":6,"f:12:8:12:21":3,"s:12:21:12:Infinity":7,"s:15:10:17:Infinity":8,"f:15:10:15:30":4,"s:16:8:16:Infinity":9,"b:19:4:19:Infinity:undefined:undefined:undefined:undefined":0,"s:19:4:19:Infinity":10,"s:19:20:19:Infinity":11,"s:21:4:29:Infinity":12},"fnNames":{}}}
,"C:\\Users\\jenny\\OneDrive\\Escritorio\\ejercicios\\VELVET\\Velvet_Front\\src\\components\\atoms\\ScrollToTopHistory\\scroll-to-top-history.module.css": {"path":"C:\\Users\\jenny\\OneDrive\\Escritorio\\ejercicios\\VELVET\\Velvet_Front\\src\\components\\atoms\\ScrollToTopHistory\\scroll-to-top-history.module.css","statementMap":{},"fnMap":{},"branchMap":{},"s":{},"f":{},"b":{},"meta":{"lastBranch":0,"lastFunction":0,"lastStatement":0,"seen":{},"fnNames":{}}}
,"C:\\Users\\jenny\\OneDrive\\Escritorio\\ejercicios\\VELVET\\Velvet_Front\\src\\components\\atoms\\ThemeDecoration\\ThemeDecoration.jsx": {"path":"C:\\Users\\jenny\\OneDrive\\Escritorio\\ejercicios\\VELVET\\Velvet_Front\\src\\components\\atoms\\ThemeDecoration\\ThemeDecoration.jsx","statementMap":{"0":{"start":{"line":4,"column":6},"end":{"line":99,"column":null}},"1":{"start":{"line":5,"column":2},"end":{"line":99,"column":null}},"2":{"start":{"line":15,"column":23},"end":{"line":15,"column":null}},"3":{"start":{"line":16,"column":18},"end":{"line":16,"column":null}},"4":{"start":{"line":17,"column":18},"end":{"line":17,"column":null}},"5":{"start":{"line":18,"column":8},"end":{"line":18,"column":null}},"6":{"start":{"line":35,"column":19},"end":{"line":35,"column":null}},"7":{"start":{"line":36,"column":21},"end":{"line":36,"column":null}},"8":{"start":{"line":37,"column":16},"end":{"line":37,"column":null}},"9":{"start":{"line":38,"column":16},"end":{"line":38,"column":null}},"10":{"start":{"line":40,"column":6},"end":{"line":54,"column":null}},"11":{"start":{"line":41,"column":8},"end":{"line":52,"column":null}},"12":{"start":{"line":45,"column":25},"end":{"line":45,"column":null}},"13":{"start":{"line":46,"column":25},"end":{"line":46,"column":null}},"14":{"start":{"line":47,"column":25},"end":{"line":47,"column":null}},"15":{"start":{"line":48,"column":25},"end":{"line":48,"column":null}},"16":{"start":{"line":49,"column":25},"end":{"line":49,"column":null}},"17":{"start":{"line":50,"column":14},"end":{"line":50,"column":null}},"18":{"start":{"line":56,"column":6},"end":{"line":65,"column":null}},"19":{"start":{"line":57,"column":8},"end":{"line":63,"column":null}},"20":{"start":{"line":67,"column":6},"end":{"line":76,"column":null}},"21":{"start":{"line":70,"column":23},"end":{"line":70,"column":null}},"22":{"start":{"line":71,"column":23},"end":{"line":71,"column":null}},"23":{"start":{"line":72,"column":23},"end":{"line":72,"column":null}},"24":{"start":{"line":73,"column":12},"end":{"line":73,"column":null}},"25":{"start":{"line":82,"column":21},"end":{"line":82,"column":null}},"26":{"start":{"line":83,"column":16},"end":{"line":83,"column":null}},"27":{"start":{"line":84,"column":16},"end":{"line":84,"column":null}},"28":{"start":{"line":85,"column":6},"end":{"line":88,"column":null}},"29":{"start":{"line":94,"column":21},"end":{"line":94,"column":null}},"30":{"start":{"line":95,"column":16},"end":{"line":95,"column":null}},"31":{"start":{"line":96,"column":16},"end":{"line":96,"column":null}},"32":{"start":{"line":97,"column":6},"end":{"line":97,"column":null}},"33":{"start":{"line":102,"column":6},"end":{"line":140,"column":null}},"34":{"start":{"line":103,"column":20},"end":{"line":103,"column":29}},"35":{"start":{"line":105,"column":2},"end":{"line":123,"column":null}},"36":{"start":{"line":106,"column":4},"end":{"line":121,"column":null}},"37":{"start":{"line":110,"column":10},"end":{"line":119,"column":null}},"38":{"start":{"line":125,"column":2},"end":{"line":138,"column":null}},"39":{"start":{"line":128,"column":8},"end":{"line":136,"column":null}}},"fnMap":{"0":{"name":"(anonymous_0)","decl":{"start":{"line":4,"column":6},"end":{"line":4,"column":null}},"loc":{"start":{"line":5,"column":2},"end":{"line":99,"column":null}},"line":5},"1":{"name":"(anonymous_1)","decl":{"start":{"line":14,"column":33},"end":{"line":14,"column":38}},"loc":{"start":{"line":14,"column":47},"end":{"line":19,"column":7}},"line":14},"2":{"name":"(anonymous_2)","decl":{"start":{"line":34,"column":6},"end":{"line":34,"column":11}},"loc":{"start":{"line":34,"column":34},"end":{"line":78,"column":5}},"line":34},"3":{"name":"(anonymous_3)","decl":{"start":{"line":44,"column":39},"end":{"line":44,"column":44}},"loc":{"start":{"line":44,"column":53},"end":{"line":51,"column":13}},"line":44},"4":{"name":"(anonymous_4)","decl":{"start":{"line":69,"column":37},"end":{"line":69,"column":42}},"loc":{"start":{"line":69,"column":51},"end":{"line":74,"column":11}},"line":69},"5":{"name":"(anonymous_5)","decl":{"start":{"line":81,"column":25},"end":{"line":81,"column":30}},"loc":{"start":{"line":81,"column":41},"end":{"line":90,"column":5}},"line":81},"6":{"name":"(anonymous_6)","decl":{"start":{"line":93,"column":32},"end":{"line":93,"column":37}},"loc":{"start":{"line":93,"column":46},"end":{"line":98,"column":5}},"line":93},"7":{"name":"(anonymous_7)","decl":{"start":{"line":102,"column":6},"end":{"line":102,"column":30}},"loc":{"start":{"line":102,"column":30},"end":{"line":140,"column":null}},"line":102},"8":{"name":"(anonymous_8)","decl":{"start":{"line":109,"column":36},"end":{"line":109,"column":41}},"loc":{"start":{"line":110,"column":10},"end":{"line":119,"column":null}},"line":110},"9":{"name":"(anonymous_9)","decl":{"start":{"line":127,"column":34},"end":{"line":127,"column":39}},"loc":{"start":{"line":128,"column":8},"end":{"line":136,"column":null}},"line":128}},"branchMap":{"0":{"loc":{"start":{"line":40,"column":6},"end":{"line":54,"column":null}},"type":"if","locations":[{"start":{"line":40,"column":6},"end":{"line":54,"column":null}},{"start":{},"end":{}}],"line":40},"1":{"loc":{"start":{"line":56,"column":6},"end":{"line":65,"column":null}},"type":"if","locations":[{"start":{"line":56,"column":6},"end":{"line":65,"column":null}},{"start":{},"end":{}}],"line":56},"2":{"loc":{"start":{"line":105,"column":2},"end":{"line":123,"column":null}},"type":"if","locations":[{"start":{"line":105,"column":2},"end":{"line":123,"column":null}},{"start":{},"end":{}}],"line":105}},"s":{"0":1,"1":1,"2":8,"3":8,"4":8,"5":8,"6":8,"7":8,"8":8,"9":8,"10":8,"11":1,"12":8,"13":8,"14":8,"15":8,"16":8,"17":8,"18":7,"19":1,"20":6,"21":36,"22":36,"23":36,"24":36,"25":4,"26":4,"27":4,"28":4,"29":16,"30":16,"31":16,"32":16,"33":1,"34":3,"35":3,"36":1,"37":40,"38":2,"39":40},"f":{"0":1,"1":8,"2":8,"3":8,"4":36,"5":4,"6":16,"7":3,"8":40,"9":40},"b":{"0":[1,7],"1":[1,6],"2":[1,2]},"meta":{"lastBranch":3,"lastFunction":10,"lastStatement":40,"seen":{"s:4:6:99:Infinity":0,"f:4:6:4:Infinity":0,"s:5:2:99:Infinity":1,"f:14:33:14:38":1,"s:15:23:15:Infinity":2,"s:16:18:16:Infinity":3,"s:17:18:17:Infinity":4,"s:18:8:18:Infinity":5,"f:34:6:34:11":2,"s:35:19:35:Infinity":6,"s:36:21:36:Infinity":7,"s:37:16:37:Infinity":8,"s:38:16:38:Infinity":9,"b:40:6:54:Infinity:undefined:undefined:undefined:undefined":0,"s:40:6:54:Infinity":10,"s:41:8:52:Infinity":11,"f:44:39:44:44":3,"s:45:25:45:Infinity":12,"s:46:25:46:Infinity":13,"s:47:25:47:Infinity":14,"s:48:25:48:Infinity":15,"s:49:25:49:Infinity":16,"s:50:14:50:Infinity":17,"b:56:6:65:Infinity:undefined:undefined:undefined:undefined":1,"s:56:6:65:Infinity":18,"s:57:8:63:Infinity":19,"s:67:6:76:Infinity":20,"f:69:37:69:42":4,"s:70:23:70:Infinity":21,"s:71:23:71:Infinity":22,"s:72:23:72:Infinity":23,"s:73:12:73:Infinity":24,"f:81:25:81:30":5,"s:82:21:82:Infinity":25,"s:83:16:83:Infinity":26,"s:84:16:84:Infinity":27,"s:85:6:88:Infinity":28,"f:93:32:93:37":6,"s:94:21:94:Infinity":29,"s:95:16:95:Infinity":30,"s:96:16:96:Infinity":31,"s:97:6:97:Infinity":32,"s:102:6:140:Infinity":33,"f:102:6:102:30":7,"s:103:20:103:29":34,"b:105:2:123:Infinity:undefined:undefined:undefined:undefined":2,"s:105:2:123:Infinity":35,"s:106:4:121:Infinity":36,"f:109:36:109:41":8,"s:110:10:119:Infinity":37,"s:125:2:138:Infinity":38,"f:127:34:127:39":9,"s:128:8:136:Infinity":39},"fnNames":{}}}
,"C:\\Users\\jenny\\OneDrive\\Escritorio\\ejercicios\\VELVET\\Velvet_Front\\src\\components\\atoms\\ThemeDecoration\\theme-decoration.module.css": {"path":"C:\\Users\\jenny\\OneDrive\\Escritorio\\ejercicios\\VELVET\\Velvet_Front\\src\\components\\atoms\\ThemeDecoration\\theme-decoration.module.css","statementMap":{},"fnMap":{},"branchMap":{},"s":{},"f":{},"b":{},"meta":{"lastBranch":0,"lastFunction":0,"lastStatement":0,"seen":{},"fnNames":{}}}
,"C:\\Users\\jenny\\OneDrive\\Escritorio\\ejercicios\\VELVET\\Velvet_Front\\src\\components\\atoms\\Toast\\Toast.jsx": {"path":"C:\\Users\\jenny\\OneDrive\\Escritorio\\ejercicios\\VELVET\\Velvet_Front\\src\\components\\atoms\\Toast\\Toast.jsx","statementMap":{"0":{"start":{"line":3,"column":6},"end":{"line":9,"column":null}},"1":{"start":{"line":4,"column":2},"end":{"line":7,"column":null}}},"fnMap":{"0":{"name":"(anonymous_0)","decl":{"start":{"line":3,"column":6},"end":{"line":3,"column":15}},"loc":{"start":{"line":3,"column":48},"end":{"line":9,"column":null}},"line":3}},"branchMap":{},"s":{"0":3,"1":10},"f":{"0":10},"b":{},"meta":{"lastBranch":0,"lastFunction":1,"lastStatement":2,"seen":{"s:3:6:9:Infinity":0,"f:3:6:3:15":0,"s:4:2:7:Infinity":1},"fnNames":{}}}
,"C:\\Users\\jenny\\OneDrive\\Escritorio\\ejercicios\\VELVET\\Velvet_Front\\src\\components\\atoms\\Toast\\toast.module.css": {"path":"C:\\Users\\jenny\\OneDrive\\Escritorio\\ejercicios\\VELVET\\Velvet_Front\\src\\components\\atoms\\Toast\\toast.module.css","statementMap":{},"fnMap":{},"branchMap":{},"s":{},"f":{},"b":{},"meta":{"lastBranch":0,"lastFunction":0,"lastStatement":0,"seen":{},"fnNames":{}}}
,"C:\\Users\\jenny\\OneDrive\\Escritorio\\ejercicios\\VELVET\\Velvet_Front\\src\\components\\atoms\\checkButton\\CheckButton.jsx": {"path":"C:\\Users\\jenny\\OneDrive\\Escritorio\\ejercicios\\VELVET\\Velvet_Front\\src\\components\\atoms\\checkButton\\CheckButton.jsx","statementMap":{"0":{"start":{"line":3,"column":6},"end":{"line":11,"column":null}},"1":{"start":{"line":4,"column":4},"end":{"line":9,"column":null}}},"fnMap":{"0":{"name":"(anonymous_0)","decl":{"start":{"line":3,"column":6},"end":{"line":3,"column":21}},"loc":{"start":{"line":3,"column":36},"end":{"line":11,"column":null}},"line":3}},"branchMap":{},"s":{"0":1,"1":31},"f":{"0":31},"b":{},"meta":{"lastBranch":0,"lastFunction":1,"lastStatement":2,"seen":{"s:3:6:11:Infinity":0,"f:3:6:3:21":0,"s:4:4:9:Infinity":1},"fnNames":{}}}
,"C:\\Users\\jenny\\OneDrive\\Escritorio\\ejercicios\\VELVET\\Velvet_Front\\src\\components\\atoms\\checkButton\\check-button.module.css": {"path":"C:\\Users\\jenny\\OneDrive\\Escritorio\\ejercicios\\VELVET\\Velvet_Front\\src\\components\\atoms\\checkButton\\check-button.module.css","statementMap":{},"fnMap":{},"branchMap":{},"s":{},"f":{},"b":{},"meta":{"lastBranch":0,"lastFunction":0,"lastStatement":0,"seen":{},"fnNames":{}}}
,"C:\\Users\\jenny\\OneDrive\\Escritorio\\ejercicios\\VELVET\\Velvet_Front\\src\\components\\molecules\\AchievementsList\\AchievementsList.jsx": {"path":"C:\\Users\\jenny\\OneDrive\\Escritorio\\ejercicios\\VELVET\\Velvet_Front\\src\\components\\molecules\\AchievementsList\\AchievementsList.jsx","statementMap":{"0":{"start":{"line":3,"column":6},"end":{"line":16,"column":null}},"1":{"start":{"line":4,"column":4},"end":{"line":14,"column":null}},"2":{"start":{"line":7,"column":16},"end":{"line":12,"column":null}}},"fnMap":{"0":{"name":"(anonymous_0)","decl":{"start":{"line":3,"column":6},"end":{"line":3,"column":26}},"loc":{"start":{"line":3,"column":47},"end":{"line":16,"column":null}},"line":3},"1":{"name":"(anonymous_1)","decl":{"start":{"line":6,"column":26},"end":{"line":6,"column":31}},"loc":{"start":{"line":7,"column":16},"end":{"line":12,"column":null}},"line":7}},"branchMap":{"0":{"loc":{"start":{"line":7,"column":63},"end":{"line":7,"column":null}},"type":"cond-expr","locations":[{"start":{"line":7,"column":76},"end":{"line":7,"column":94}},{"start":{"line":7,"column":94},"end":{"line":7,"column":null}}],"line":7},"1":{"loc":{"start":{"line":8,"column":50},"end":{"line":8,"column":80}},"type":"cond-expr","locations":[{"start":{"line":8,"column":63},"end":{"line":8,"column":70}},{"start":{"line":8,"column":70},"end":{"line":8,"column":80}}],"line":8},"2":{"loc":{"start":{"line":11,"column":21},"end":{"line":11,"column":null}},"type":"binary-expr","locations":[{"start":{"line":11,"column":21},"end":{"line":11,"column":35}},{"start":{"line":11,"column":35},"end":{"line":11,"column":null}}],"line":11}},"s":{"0":2,"1":5,"2":8},"f":{"0":5,"1":8},"b":{"0":[4,4],"1":[4,4],"2":[8,4]},"meta":{"lastBranch":3,"lastFunction":2,"lastStatement":3,"seen":{"s:3:6:16:Infinity":0,"f:3:6:3:26":0,"s:4:4:14:Infinity":1,"f:6:26:6:31":1,"s:7:16:12:Infinity":2,"b:7:76:7:94:7:94:7:Infinity":0,"b:8:63:8:70:8:70:8:80":1,"b:11:21:11:35:11:35:11:Infinity":2},"fnNames":{}}}
,"C:\\Users\\jenny\\OneDrive\\Escritorio\\ejercicios\\VELVET\\Velvet_Front\\src\\components\\molecules\\AchievementsList\\achievements-list.module.css": {"path":"C:\\Users\\jenny\\OneDrive\\Escritorio\\ejercicios\\VELVET\\Velvet_Front\\src\\components\\molecules\\AchievementsList\\achievements-list.module.css","statementMap":{},"fnMap":{},"branchMap":{},"s":{},"f":{},"b":{},"meta":{"lastBranch":0,"lastFunction":0,"lastStatement":0,"seen":{},"fnNames":{}}}
,"C:\\Users\\jenny\\OneDrive\\Escritorio\\ejercicios\\VELVET\\Velvet_Front\\src\\components\\molecules\\AvatarGallery\\AvatarGallery.jsx": {"path":"C:\\Users\\jenny\\OneDrive\\Escritorio\\ejercicios\\VELVET\\Velvet_Front\\src\\components\\molecules\\AvatarGallery\\AvatarGallery.jsx","statementMap":{"0":{"start":{"line":4,"column":6},"end":{"line":19,"column":null}},"1":{"start":{"line":5,"column":2},"end":{"line":17,"column":null}},"2":{"start":{"line":8,"column":8},"end":{"line":15,"column":null}},"3":{"start":{"line":12,"column":25},"end":{"line":12,"column":null}}},"fnMap":{"0":{"name":"(anonymous_0)","decl":{"start":{"line":4,"column":6},"end":{"line":4,"column":23}},"loc":{"start":{"line":4,"column":50},"end":{"line":19,"column":null}},"line":4},"1":{"name":"(anonymous_1)","decl":{"start":{"line":7,"column":22},"end":{"line":7,"column":27}},"loc":{"start":{"line":8,"column":8},"end":{"line":15,"column":null}},"line":8},"2":{"name":"(anonymous_2)","decl":{"start":{"line":12,"column":10},"end":{"line":12,"column":25}},"loc":{"start":{"line":12,"column":25},"end":{"line":12,"column":null}},"line":12}},"branchMap":{"0":{"loc":{"start":{"line":11,"column":47},"end":{"line":11,"column":null}},"type":"cond-expr","locations":[{"start":{"line":11,"column":66},"end":{"line":11,"column":84}},{"start":{"line":11,"column":84},"end":{"line":11,"column":null}}],"line":11}},"s":{"0":3,"1":5,"2":90,"3":1},"f":{"0":5,"1":90,"2":1},"b":{"0":[2,88]},"meta":{"lastBranch":1,"lastFunction":3,"lastStatement":4,"seen":{"s:4:6:19:Infinity":0,"f:4:6:4:23":0,"s:5:2:17:Infinity":1,"f:7:22:7:27":1,"s:8:8:15:Infinity":2,"b:11:66:11:84:11:84:11:Infinity":0,"f:12:10:12:25":2,"s:12:25:12:Infinity":3},"fnNames":{}}}
,"C:\\Users\\jenny\\OneDrive\\Escritorio\\ejercicios\\VELVET\\Velvet_Front\\src\\components\\molecules\\AvatarGallery\\avatar-gallery.module.css": {"path":"C:\\Users\\jenny\\OneDrive\\Escritorio\\ejercicios\\VELVET\\Velvet_Front\\src\\components\\molecules\\AvatarGallery\\avatar-gallery.module.css","statementMap":{},"fnMap":{},"branchMap":{},"s":{},"f":{},"b":{},"meta":{"lastBranch":0,"lastFunction":0,"lastStatement":0,"seen":{},"fnNames":{}}}
,"C:\\Users\\jenny\\OneDrive\\Escritorio\\ejercicios\\VELVET\\Velvet_Front\\src\\components\\molecules\\Deck\\Deck.jsx": {"path":"C:\\Users\\jenny\\OneDrive\\Escritorio\\ejercicios\\VELVET\\Velvet_Front\\src\\components\\molecules\\Deck\\Deck.jsx","statementMap":{"0":{"start":{"line":5,"column":6},"end":{"line":94,"column":null}},"1":{"start":{"line":6,"column":40},"end":{"line":6,"column":null}},"2":{"start":{"line":7,"column":46},"end":{"line":7,"column":null}},"3":{"start":{"line":9,"column":8},"end":{"line":15,"column":null}},"4":{"start":{"line":10,"column":4},"end":{"line":10,"column":null}},"5":{"start":{"line":11,"column":4},"end":{"line":14,"column":null}},"6":{"start":{"line":12,"column":6},"end":{"line":12,"column":null}},"7":{"start":{"line":13,"column":6},"end":{"line":13,"column":null}},"8":{"start":{"line":17,"column":25},"end":{"line":17,"column":null}},"9":{"start":{"line":19,"column":8},"end":{"line":23,"column":null}},"10":{"start":{"line":20,"column":16},"end":{"line":20,"column":null}},"11":{"start":{"line":21,"column":4},"end":{"line":21,"column":null}},"12":{"start":{"line":22,"column":4},"end":{"line":22,"column":null}},"13":{"start":{"line":25,"column":8},"end":{"line":32,"column":null}},"14":{"start":{"line":26,"column":4},"end":{"line":26,"column":null}},"15":{"start":{"line":26,"column":21},"end":{"line":26,"column":null}},"16":{"start":{"line":27,"column":4},"end":{"line":27,"column":null}},"17":{"start":{"line":28,"column":4},"end":{"line":28,"column":null}},"18":{"start":{"line":29,"column":4},"end":{"line":29,"column":null}},"19":{"start":{"line":29,"column":19},"end":{"line":29,"column":null}},"20":{"start":{"line":31,"column":4},"end":{"line":31,"column":null}},"21":{"start":{"line":31,"column":21},"end":{"line":31,"column":44}},"22":{"start":{"line":34,"column":2},"end":{"line":92,"column":null}},"23":{"start":{"line":53,"column":14},"end":{"line":65,"column":null}},"24":{"start":{"line":62,"column":31},"end":{"line":62,"column":null}},"25":{"start":{"line":75,"column":14},"end":{"line":87,"column":null}},"26":{"start":{"line":83,"column":18},"end":{"line":83,"column":null}},"27":{"start":{"line":83,"column":39},"end":{"line":83,"column":null}}},"fnMap":{"0":{"name":"(anonymous_0)","decl":{"start":{"line":5,"column":6},"end":{"line":5,"column":14}},"loc":{"start":{"line":5,"column":74},"end":{"line":94,"column":null}},"line":5},"1":{"name":"(anonymous_1)","decl":{"start":{"line":9,"column":8},"end":{"line":9,"column":22}},"loc":{"start":{"line":9,"column":31},"end":{"line":15,"column":null}},"line":9},"2":{"name":"(anonymous_2)","decl":{"start":{"line":11,"column":4},"end":{"line":11,"column":21}},"loc":{"start":{"line":11,"column":21},"end":{"line":14,"column":7}},"line":11},"3":{"name":"(anonymous_3)","decl":{"start":{"line":19,"column":8},"end":{"line":19,"column":31}},"loc":{"start":{"line":19,"column":31},"end":{"line":23,"column":null}},"line":19},"4":{"name":"(anonymous_4)","decl":{"start":{"line":22,"column":15},"end":{"line":22,"column":27}},"loc":{"start":{"line":22,"column":27},"end":{"line":22,"column":29}},"line":22},"5":{"name":"(anonymous_5)","decl":{"start":{"line":25,"column":8},"end":{"line":25,"column":28}},"loc":{"start":{"line":25,"column":28},"end":{"line":32,"column":null}},"line":25},"6":{"name":"(anonymous_6)","decl":{"start":{"line":31,"column":4},"end":{"line":31,"column":21}},"loc":{"start":{"line":31,"column":21},"end":{"line":31,"column":44}},"line":31},"7":{"name":"(anonymous_7)","decl":{"start":{"line":52,"column":18},"end":{"line":52,"column":23}},"loc":{"start":{"line":53,"column":14},"end":{"line":65,"column":null}},"line":53},"8":{"name":"(anonymous_8)","decl":{"start":{"line":62,"column":16},"end":{"line":62,"column":31}},"loc":{"start":{"line":62,"column":31},"end":{"line":62,"column":null}},"line":62},"9":{"name":"(anonymous_9)","decl":{"start":{"line":74,"column":18},"end":{"line":74,"column":23}},"loc":{"start":{"line":75,"column":14},"end":{"line":87,"column":null}},"line":75},"10":{"name":"(anonymous_10)","decl":{"start":{"line":82,"column":16},"end":{"line":82,"column":31}},"loc":{"start":{"line":82,"column":31},"end":{"line":84,"column":null}},"line":82}},"branchMap":{"0":{"loc":{"start":{"line":5,"column":46},"end":{"line":5,"column":58}},"type":"default-arg","locations":[{"start":{"line":5,"column":54},"end":{"line":5,"column":58}}],"line":5},"1":{"loc":{"start":{"line":17,"column":25},"end":{"line":17,"column":null}},"type":"binary-expr","locations":[{"start":{"line":17,"column":25},"end":{"line":17,"column":39}},{"start":{"line":17,"column":39},"end":{"line":17,"column":56}},{"start":{"line":17,"column":56},"end":{"line":17,"column":null}}],"line":17},"2":{"loc":{"start":{"line":26,"column":4},"end":{"line":26,"column":null}},"type":"if","locations":[{"start":{"line":26,"column":4},"end":{"line":26,"column":null}},{"start":{},"end":{}}],"line":26},"3":{"loc":{"start":{"line":29,"column":4},"end":{"line":29,"column":null}},"type":"if","locations":[{"start":{"line":29,"column":4},"end":{"line":29,"column":null}},{"start":{},"end":{}}],"line":29},"4":{"loc":{"start":{"line":49,"column":14},"end":{"line":49,"column":null}},"type":"cond-expr","locations":[{"start":{"line":49,"column":28},"end":{"line":49,"column":54}},{"start":{"line":49,"column":54},"end":{"line":49,"column":null}}],"line":49},"5":{"loc":{"start":{"line":56,"column":18},"end":{"line":56,"column":null}},"type":"cond-expr","locations":[{"start":{"line":56,"column":47},"end":{"line":56,"column":67}},{"start":{"line":56,"column":67},"end":{"line":56,"column":null}}],"line":56},"6":{"loc":{"start":{"line":60,"column":27},"end":{"line":60,"column":null}},"type":"cond-expr","locations":[{"start":{"line":60,"column":45},"end":{"line":60,"column":49}},{"start":{"line":60,"column":49},"end":{"line":60,"column":null}}],"line":60},"7":{"loc":{"start":{"line":62,"column":31},"end":{"line":62,"column":null}},"type":"binary-expr","locations":[{"start":{"line":62,"column":31},"end":{"line":62,"column":50}},{"start":{"line":62,"column":50},"end":{"line":62,"column":66}},{"start":{"line":62,"column":66},"end":{"line":62,"column":null}}],"line":62},"8":{"loc":{"start":{"line":83,"column":18},"end":{"line":83,"column":null}},"type":"if","locations":[{"start":{"line":83,"column":18},"end":{"line":83,"column":null}},{"start":{},"end":{}}],"line":83}},"s":{"0":1,"1":12,"2":12,"3":12,"4":1,"5":1,"6":1,"7":1,"8":12,"9":12,"10":2,"11":2,"12":2,"13":12,"14":2,"15":0,"16":2,"17":2,"18":2,"19":2,"20":2,"21":2,"22":12,"23":24,"24":2,"25":24,"26":2,"27":1},"f":{"0":12,"1":1,"2":1,"3":2,"4":0,"5":2,"6":2,"7":24,"8":2,"9":24,"10":2},"b":{"0":[12],"1":[12,2,2],"2":[0,2],"3":[2,0],"4":[2,10],"5":[1,23],"6":[12,12],"7":[2,1,1],"8":[1,1]},"meta":{"lastBranch":9,"lastFunction":11,"lastStatement":28,"seen":{"s:5:6:94:Infinity":0,"f:5:6:5:14":0,"b:5:54:5:58":0,"s:6:40:6:Infinity":1,"s:7:46:7:Infinity":2,"s:9:8:15:Infinity":3,"f:9:8:9:22":1,"s:10:4:10:Infinity":4,"s:11:4:14:Infinity":5,"f:11:4:11:21":2,"s:12:6:12:Infinity":6,"s:13:6:13:Infinity":7,"s:17:25:17:Infinity":8,"b:17:25:17:39:17:39:17:56:17:56:17:Infinity":1,"s:19:8:23:Infinity":9,"f:19:8:19:31":3,"s:20:16:20:Infinity":10,"s:21:4:21:Infinity":11,"s:22:4:22:Infinity":12,"f:22:15:22:27":4,"s:25:8:32:Infinity":13,"f:25:8:25:28":5,"b:26:4:26:Infinity:undefined:undefined:undefined:undefined":2,"s:26:4:26:Infinity":14,"s:26:21:26:Infinity":15,"s:27:4:27:Infinity":16,"s:28:4:28:Infinity":17,"b:29:4:29:Infinity:undefined:undefined:undefined:undefined":3,"s:29:4:29:Infinity":18,"s:29:19:29:Infinity":19,"s:31:4:31:Infinity":20,"f:31:4:31:21":6,"s:31:21:31:44":21,"s:34:2:92:Infinity":22,"b:49:28:49:54:49:54:49:Infinity":4,"f:52:18:52:23":7,"s:53:14:65:Infinity":23,"b:56:47:56:67:56:67:56:Infinity":5,"b:60:45:60:49:60:49:60:Infinity":6,"f:62:16:62:31":8,"s:62:31:62:Infinity":24,"b:62:31:62:50:62:50:62:66:62:66:62:Infinity":7,"f:74:18:74:23":9,"s:75:14:87:Infinity":25,"f:82:16:82:31":10,"b:83:18:83:Infinity:undefined:undefined:undefined:undefined":8,"s:83:18:83:Infinity":26,"s:83:39:83:Infinity":27},"fnNames":{}}}
,"C:\\Users\\jenny\\OneDrive\\Escritorio\\ejercicios\\VELVET\\Velvet_Front\\src\\components\\molecules\\Deck\\deck.module.css": {"path":"C:\\Users\\jenny\\OneDrive\\Escritorio\\ejercicios\\VELVET\\Velvet_Front\\src\\components\\molecules\\Deck\\deck.module.css","statementMap":{},"fnMap":{},"branchMap":{},"s":{},"f":{},"b":{},"meta":{"lastBranch":0,"lastFunction":0,"lastStatement":0,"seen":{},"fnNames":{}}}
,"C:\\Users\\jenny\\OneDrive\\Escritorio\\ejercicios\\VELVET\\Velvet_Front\\src\\components\\molecules\\DeleteButton\\DeleteButton.jsx": {"path":"C:\\Users\\jenny\\OneDrive\\Escritorio\\ejercicios\\VELVET\\Velvet_Front\\src\\components\\molecules\\DeleteButton\\DeleteButton.jsx","statementMap":{"0":{"start":{"line":7,"column":6},"end":{"line":45,"column":null}},"1":{"start":{"line":8,"column":46},"end":{"line":8,"column":null}},"2":{"start":{"line":9,"column":15},"end":{"line":9,"column":26}},"3":{"start":{"line":10,"column":22},"end":{"line":10,"column":31}},"4":{"start":{"line":12,"column":10},"end":{"line":23,"column":null}},"5":{"start":{"line":13,"column":8},"end":{"line":22,"column":null}},"6":{"start":{"line":15,"column":16},"end":{"line":15,"column":null}},"7":{"start":{"line":16,"column":16},"end":{"line":16,"column":null}},"8":{"start":{"line":17,"column":16},"end":{"line":17,"column":null}},"9":{"start":{"line":17,"column":30},"end":{"line":17,"column":null}},"10":{"start":{"line":20,"column":16},"end":{"line":20,"column":null}},"11":{"start":{"line":21,"column":16},"end":{"line":21,"column":null}},"12":{"start":{"line":25,"column":4},"end":{"line":43,"column":null}},"13":{"start":{"line":27,"column":63},"end":{"line":27,"column":87}},"14":{"start":{"line":32,"column":35},"end":{"line":32,"column":null}},"15":{"start":{"line":36,"column":80},"end":{"line":36,"column":105}}},"fnMap":{"0":{"name":"(anonymous_0)","decl":{"start":{"line":7,"column":6},"end":{"line":7,"column":22}},"loc":{"start":{"line":7,"column":43},"end":{"line":45,"column":null}},"line":7},"1":{"name":"(anonymous_1)","decl":{"start":{"line":12,"column":10},"end":{"line":12,"column":31}},"loc":{"start":{"line":12,"column":31},"end":{"line":23,"column":null}},"line":12},"2":{"name":"(anonymous_2)","decl":{"start":{"line":14,"column":13},"end":{"line":14,"column":24}},"loc":{"start":{"line":14,"column":24},"end":{"line":18,"column":13}},"line":14},"3":{"name":"(anonymous_3)","decl":{"start":{"line":19,"column":13},"end":{"line":19,"column":20}},"loc":{"start":{"line":19,"column":28},"end":{"line":22,"column":13}},"line":19},"4":{"name":"(anonymous_4)","decl":{"start":{"line":27,"column":48},"end":{"line":27,"column":63}},"loc":{"start":{"line":27,"column":63},"end":{"line":27,"column":87}},"line":27},"5":{"name":"(anonymous_5)","decl":{"start":{"line":32,"column":20},"end":{"line":32,"column":35}},"loc":{"start":{"line":32,"column":35},"end":{"line":32,"column":null}},"line":32},"6":{"name":"(anonymous_6)","decl":{"start":{"line":36,"column":65},"end":{"line":36,"column":80}},"loc":{"start":{"line":36,"column":80},"end":{"line":36,"column":105}},"line":36}},"branchMap":{"0":{"loc":{"start":{"line":17,"column":16},"end":{"line":17,"column":null}},"type":"if","locations":[{"start":{"line":17,"column":16},"end":{"line":17,"column":null}},{"start":{},"end":{}}],"line":17},"1":{"loc":{"start":{"line":29,"column":13},"end":{"line":43,"column":null}},"type":"binary-expr","locations":[{"start":{"line":29,"column":13},"end":{"line":29,"column":null}},{"start":{"line":30,"column":16},"end":{"line":43,"column":null}}],"line":29}},"s":{"0":1,"1":11,"2":11,"3":11,"4":11,"5":2,"6":1,"7":1,"8":1,"9":1,"10":1,"11":1,"12":11,"13":4,"14":0,"15":1},"f":{"0":11,"1":2,"2":1,"3":1,"4":4,"5":0,"6":1},"b":{"0":[1,0],"1":[11,4]},"meta":{"lastBranch":2,"lastFunction":7,"lastStatement":16,"seen":{"s:7:6:45:Infinity":0,"f:7:6:7:22":0,"s:8:46:8:Infinity":1,"s:9:15:9:26":2,"s:10:22:10:31":3,"s:12:10:23:Infinity":4,"f:12:10:12:31":1,"s:13:8:22:Infinity":5,"f:14:13:14:24":2,"s:15:16:15:Infinity":6,"s:16:16:16:Infinity":7,"b:17:16:17:Infinity:undefined:undefined:undefined:undefined":0,"s:17:16:17:Infinity":8,"s:17:30:17:Infinity":9,"f:19:13:19:20":3,"s:20:16:20:Infinity":10,"s:21:16:21:Infinity":11,"s:25:4:43:Infinity":12,"f:27:48:27:63":4,"s:27:63:27:87":13,"b:29:13:29:Infinity:30:16:43:Infinity":1,"f:32:20:32:35":5,"s:32:35:32:Infinity":14,"f:36:65:36:80":6,"s:36:80:36:105":15},"fnNames":{}}}
,"C:\\Users\\jenny\\OneDrive\\Escritorio\\ejercicios\\VELVET\\Velvet_Front\\src\\components\\molecules\\DeleteButton\\delete-button.module.css": {"path":"C:\\Users\\jenny\\OneDrive\\Escritorio\\ejercicios\\VELVET\\Velvet_Front\\src\\components\\molecules\\DeleteButton\\delete-button.module.css","statementMap":{},"fnMap":{},"branchMap":{},"s":{},"f":{},"b":{},"meta":{"lastBranch":0,"lastFunction":0,"lastStatement":0,"seen":{},"fnNames":{}}}
,"C:\\Users\\jenny\\OneDrive\\Escritorio\\ejercicios\\VELVET\\Velvet_Front\\src\\components\\molecules\\DropButton\\DropButton.jsx": {"path":"C:\\Users\\jenny\\OneDrive\\Escritorio\\ejercicios\\VELVET\\Velvet_Front\\src\\components\\molecules\\DropButton\\DropButton.jsx","statementMap":{"0":{"start":{"line":7,"column":6},"end":{"line":44,"column":null}},"1":{"start":{"line":8,"column":46},"end":{"line":8,"column":null}},"2":{"start":{"line":9,"column":15},"end":{"line":9,"column":26}},"3":{"start":{"line":10,"column":22},"end":{"line":10,"column":31}},"4":{"start":{"line":12,"column":23},"end":{"line":22,"column":null}},"5":{"start":{"line":13,"column":8},"end":{"line":21,"column":null}},"6":{"start":{"line":14,"column":12},"end":{"line":14,"column":null}},"7":{"start":{"line":15,"column":12},"end":{"line":15,"column":null}},"8":{"start":{"line":16,"column":12},"end":{"line":16,"column":null}},"9":{"start":{"line":17,"column":12},"end":{"line":17,"column":null}},"10":{"start":{"line":17,"column":26},"end":{"line":17,"column":null}},"11":{"start":{"line":19,"column":12},"end":{"line":19,"column":null}},"12":{"start":{"line":20,"column":12},"end":{"line":20,"column":null}},"13":{"start":{"line":24,"column":4},"end":{"line":42,"column":null}},"14":{"start":{"line":26,"column":59},"end":{"line":26,"column":83}},"15":{"start":{"line":31,"column":31},"end":{"line":31,"column":null}},"16":{"start":{"line":35,"column":76},"end":{"line":35,"column":101}}},"fnMap":{"0":{"name":"(anonymous_0)","decl":{"start":{"line":7,"column":6},"end":{"line":7,"column":20}},"loc":{"start":{"line":7,"column":45},"end":{"line":44,"column":null}},"line":7},"1":{"name":"(anonymous_1)","decl":{"start":{"line":12,"column":23},"end":{"line":12,"column":35}},"loc":{"start":{"line":12,"column":35},"end":{"line":22,"column":null}},"line":12},"2":{"name":"(anonymous_2)","decl":{"start":{"line":26,"column":44},"end":{"line":26,"column":59}},"loc":{"start":{"line":26,"column":59},"end":{"line":26,"column":83}},"line":26},"3":{"name":"(anonymous_3)","decl":{"start":{"line":31,"column":16},"end":{"line":31,"column":31}},"loc":{"start":{"line":31,"column":31},"end":{"line":31,"column":null}},"line":31},"4":{"name":"(anonymous_4)","decl":{"start":{"line":35,"column":61},"end":{"line":35,"column":76}},"loc":{"start":{"line":35,"column":76},"end":{"line":35,"column":101}},"line":35}},"branchMap":{"0":{"loc":{"start":{"line":17,"column":12},"end":{"line":17,"column":null}},"type":"if","locations":[{"start":{"line":17,"column":12},"end":{"line":17,"column":null}},{"start":{},"end":{}}],"line":17},"1":{"loc":{"start":{"line":28,"column":9},"end":{"line":42,"column":null}},"type":"binary-expr","locations":[{"start":{"line":28,"column":9},"end":{"line":28,"column":null}},{"start":{"line":29,"column":12},"end":{"line":42,"column":null}}],"line":28}},"s":{"0":1,"1":11,"2":11,"3":11,"4":11,"5":2,"6":2,"7":1,"8":1,"9":1,"10":1,"11":1,"12":1,"13":11,"14":4,"15":0,"16":1},"f":{"0":11,"1":2,"2":4,"3":0,"4":1},"b":{"0":[1,0],"1":[11,4]},"meta":{"lastBranch":2,"lastFunction":5,"lastStatement":17,"seen":{"s:7:6:44:Infinity":0,"f:7:6:7:20":0,"s:8:46:8:Infinity":1,"s:9:15:9:26":2,"s:10:22:10:31":3,"s:12:23:22:Infinity":4,"f:12:23:12:35":1,"s:13:8:21:Infinity":5,"s:14:12:14:Infinity":6,"s:15:12:15:Infinity":7,"s:16:12:16:Infinity":8,"b:17:12:17:Infinity:undefined:undefined:undefined:undefined":0,"s:17:12:17:Infinity":9,"s:17:26:17:Infinity":10,"s:19:12:19:Infinity":11,"s:20:12:20:Infinity":12,"s:24:4:42:Infinity":13,"f:26:44:26:59":2,"s:26:59:26:83":14,"b:28:9:28:Infinity:29:12:42:Infinity":1,"f:31:16:31:31":3,"s:31:31:31:Infinity":15,"f:35:61:35:76":4,"s:35:76:35:101":16},"fnNames":{}}}
,"C:\\Users\\jenny\\OneDrive\\Escritorio\\ejercicios\\VELVET\\Velvet_Front\\src\\components\\molecules\\DropButton\\drop-button.module.css": {"path":"C:\\Users\\jenny\\OneDrive\\Escritorio\\ejercicios\\VELVET\\Velvet_Front\\src\\components\\molecules\\DropButton\\drop-button.module.css","statementMap":{},"fnMap":{},"branchMap":{},"s":{},"f":{},"b":{},"meta":{"lastBranch":0,"lastFunction":0,"lastStatement":0,"seen":{},"fnNames":{}}}
,"C:\\Users\\jenny\\OneDrive\\Escritorio\\ejercicios\\VELVET\\Velvet_Front\\src\\components\\molecules\\InterpretationModalBackground\\InterpretationModalBackground.jsx": {"path":"C:\\Users\\jenny\\OneDrive\\Escritorio\\ejercicios\\VELVET\\Velvet_Front\\src\\components\\molecules\\InterpretationModalBackground\\InterpretationModalBackground.jsx","statementMap":{"0":{"start":{"line":3,"column":6},"end":{"line":58,"column":null}},"1":{"start":{"line":4,"column":2},"end":{"line":58,"column":null}},"2":{"start":{"line":10,"column":23},"end":{"line":10,"column":null}},"3":{"start":{"line":11,"column":18},"end":{"line":11,"column":null}},"4":{"start":{"line":12,"column":18},"end":{"line":12,"column":null}},"5":{"start":{"line":13,"column":8},"end":{"line":13,"column":null}},"6":{"start":{"line":24,"column":6},"end":{"line":41,"column":null}},"7":{"start":{"line":26,"column":25},"end":{"line":26,"column":null}},"8":{"start":{"line":27,"column":21},"end":{"line":27,"column":null}},"9":{"start":{"line":28,"column":21},"end":{"line":28,"column":null}},"10":{"start":{"line":29,"column":10},"end":{"line":37,"column":null}},"11":{"start":{"line":48,"column":6},"end":{"line":50,"column":null}}},"fnMap":{"0":{"name":"(anonymous_0)","decl":{"start":{"line":3,"column":6},"end":{"line":3,"column":null}},"loc":{"start":{"line":4,"column":2},"end":{"line":58,"column":null}},"line":4},"1":{"name":"(anonymous_1)","decl":{"start":{"line":9,"column":33},"end":{"line":9,"column":38}},"loc":{"start":{"line":9,"column":47},"end":{"line":14,"column":7}},"line":9},"2":{"name":"(anonymous_2)","decl":{"start":{"line":23,"column":6},"end":{"line":23,"column":11}},"loc":{"start":{"line":24,"column":6},"end":{"line":41,"column":null}},"line":24},"3":{"name":"(anonymous_3)","decl":{"start":{"line":25,"column":35},"end":{"line":25,"column":40}},"loc":{"start":{"line":25,"column":49},"end":{"line":39,"column":9}},"line":25},"4":{"name":"(anonymous_4)","decl":{"start":{"line":47,"column":6},"end":{"line":47,"column":11}},"loc":{"start":{"line":48,"column":6},"end":{"line":50,"column":null}},"line":48}},"branchMap":{},"s":{"0":1,"1":6,"2":36,"3":36,"4":36,"5":36,"6":24,"7":120,"8":120,"9":120,"10":120,"11":36},"f":{"0":6,"1":36,"2":24,"3":120,"4":36},"b":{},"meta":{"lastBranch":0,"lastFunction":5,"lastStatement":12,"seen":{"s:3:6:58:Infinity":0,"f:3:6:3:Infinity":0,"s:4:2:58:Infinity":1,"f:9:33:9:38":1,"s:10:23:10:Infinity":2,"s:11:18:11:Infinity":3,"s:12:18:12:Infinity":4,"s:13:8:13:Infinity":5,"f:23:6:23:11":2,"s:24:6:41:Infinity":6,"f:25:35:25:40":3,"s:26:25:26:Infinity":7,"s:27:21:27:Infinity":8,"s:28:21:28:Infinity":9,"s:29:10:37:Infinity":10,"f:47:6:47:11":4,"s:48:6:50:Infinity":11},"fnNames":{}}}
,"C:\\Users\\jenny\\OneDrive\\Escritorio\\ejercicios\\VELVET\\Velvet_Front\\src\\components\\molecules\\InterpretationModalBackground\\interpretation-modal-background.module.css": {"path":"C:\\Users\\jenny\\OneDrive\\Escritorio\\ejercicios\\VELVET\\Velvet_Front\\src\\components\\molecules\\InterpretationModalBackground\\interpretation-modal-background.module.css","statementMap":{},"fnMap":{},"branchMap":{},"s":{},"f":{},"b":{},"meta":{"lastBranch":0,"lastFunction":0,"lastStatement":0,"seen":{},"fnNames":{}}}
,"C:\\Users\\jenny\\OneDrive\\Escritorio\\ejercicios\\VELVET\\Velvet_Front\\src\\components\\molecules\\Modal\\Modal.jsx": {"path":"C:\\Users\\jenny\\OneDrive\\Escritorio\\ejercicios\\VELVET\\Velvet_Front\\src\\components\\molecules\\Modal\\Modal.jsx","statementMap":{"0":{"start":{"line":4,"column":6},"end":{"line":25,"column":null}},"1":{"start":{"line":5,"column":2},"end":{"line":11,"column":null}},"2":{"start":{"line":6,"column":10},"end":{"line":8,"column":null}},"3":{"start":{"line":7,"column":6},"end":{"line":7,"column":null}},"4":{"start":{"line":7,"column":30},"end":{"line":7,"column":null}},"5":{"start":{"line":9,"column":4},"end":{"line":9,"column":null}},"6":{"start":{"line":10,"column":4},"end":{"line":10,"column":null}},"7":{"start":{"line":10,"column":17},"end":{"line":10,"column":null}},"8":{"start":{"line":13,"column":2},"end":{"line":23,"column":null}},"9":{"start":{"line":15,"column":52},"end":{"line":15,"column":null}}},"fnMap":{"0":{"name":"(anonymous_0)","decl":{"start":{"line":4,"column":6},"end":{"line":4,"column":15}},"loc":{"start":{"line":4,"column":69},"end":{"line":25,"column":null}},"line":4},"1":{"name":"(anonymous_1)","decl":{"start":{"line":5,"column":2},"end":{"line":5,"column":18}},"loc":{"start":{"line":5,"column":18},"end":{"line":11,"column":5}},"line":5},"2":{"name":"(anonymous_2)","decl":{"start":{"line":6,"column":10},"end":{"line":6,"column":26}},"loc":{"start":{"line":6,"column":32},"end":{"line":8,"column":null}},"line":6},"3":{"name":"(anonymous_3)","decl":{"start":{"line":10,"column":4},"end":{"line":10,"column":17}},"loc":{"start":{"line":10,"column":17},"end":{"line":10,"column":null}},"line":10},"4":{"name":"(anonymous_4)","decl":{"start":{"line":15,"column":36},"end":{"line":15,"column":46}},"loc":{"start":{"line":15,"column":52},"end":{"line":15,"column":null}},"line":15}},"branchMap":{"0":{"loc":{"start":{"line":7,"column":6},"end":{"line":7,"column":null}},"type":"if","locations":[{"start":{"line":7,"column":6},"end":{"line":7,"column":null}},{"start":{},"end":{}}],"line":7},"1":{"loc":{"start":{"line":18,"column":11},"end":{"line":18,"column":null}},"type":"binary-expr","locations":[{"start":{"line":18,"column":11},"end":{"line":18,"column":20}},{"start":{"line":18,"column":20},"end":{"line":18,"column":null}}],"line":18},"2":{"loc":{"start":{"line":20,"column":11},"end":{"line":20,"column":null}},"type":"binary-expr","locations":[{"start":{"line":20,"column":11},"end":{"line":20,"column":22}},{"start":{"line":20,"column":22},"end":{"line":20,"column":null}}],"line":20}},"s":{"0":5,"1":58,"2":58,"3":37,"4":1,"5":58,"6":58,"7":58,"8":58,"9":15},"f":{"0":58,"1":58,"2":37,"3":58,"4":15},"b":{"0":[1,36],"1":[58,57],"2":[58,53]},"meta":{"lastBranch":3,"lastFunction":5,"lastStatement":10,"seen":{"s:4:6:25:Infinity":0,"f:4:6:4:15":0,"s:5:2:11:Infinity":1,"f:5:2:5:18":1,"s:6:10:8:Infinity":2,"f:6:10:6:26":2,"b:7:6:7:Infinity:undefined:undefined:undefined:undefined":0,"s:7:6:7:Infinity":3,"s:7:30:7:Infinity":4,"s:9:4:9:Infinity":5,"s:10:4:10:Infinity":6,"f:10:4:10:17":3,"s:10:17:10:Infinity":7,"s:13:2:23:Infinity":8,"f:15:36:15:46":4,"s:15:52:15:Infinity":9,"b:18:11:18:20:18:20:18:Infinity":1,"b:20:11:20:22:20:22:20:Infinity":2},"fnNames":{}}}
,"C:\\Users\\jenny\\OneDrive\\Escritorio\\ejercicios\\VELVET\\Velvet_Front\\src\\components\\molecules\\Modal\\modal.module.css": {"path":"C:\\Users\\jenny\\OneDrive\\Escritorio\\ejercicios\\VELVET\\Velvet_Front\\src\\components\\molecules\\Modal\\modal.module.css","statementMap":{},"fnMap":{},"branchMap":{},"s":{},"f":{},"b":{},"meta":{"lastBranch":0,"lastFunction":0,"lastStatement":0,"seen":{},"fnNames":{}}}
,"C:\\Users\\jenny\\OneDrive\\Escritorio\\ejercicios\\VELVET\\Velvet_Front\\src\\components\\molecules\\MusicPlayer\\MusicPlayer.jsx": {"path":"C:\\Users\\jenny\\OneDrive\\Escritorio\\ejercicios\\VELVET\\Velvet_Front\\src\\components\\molecules\\MusicPlayer\\MusicPlayer.jsx","statementMap":{"0":{"start":{"line":5,"column":6},"end":{"line":87,"column":null}},"1":{"start":{"line":12,"column":8},"end":{"line":12,"column":23}},"2":{"start":{"line":14,"column":32},"end":{"line":14,"column":null}},"3":{"start":{"line":16,"column":4},"end":{"line":85,"column":null}},"4":{"start":{"line":18,"column":64},"end":{"line":18,"column":86}},"5":{"start":{"line":18,"column":81},"end":{"line":18,"column":83}},"6":{"start":{"line":29,"column":43},"end":{"line":29,"column":null}},"7":{"start":{"line":35,"column":43},"end":{"line":35,"column":null}},"8":{"start":{"line":41,"column":43},"end":{"line":41,"column":null}},"9":{"start":{"line":51,"column":45},"end":{"line":51,"column":null}},"10":{"start":{"line":54,"column":32},"end":{"line":54,"column":null}},"11":{"start":{"line":77,"column":53},"end":{"line":77,"column":null}}},"fnMap":{"0":{"name":"(anonymous_0)","decl":{"start":{"line":5,"column":6},"end":{"line":5,"column":26}},"loc":{"start":{"line":5,"column":26},"end":{"line":87,"column":null}},"line":5},"1":{"name":"(anonymous_1)","decl":{"start":{"line":18,"column":49},"end":{"line":18,"column":64}},"loc":{"start":{"line":18,"column":64},"end":{"line":18,"column":86}},"line":18},"2":{"name":"(anonymous_2)","decl":{"start":{"line":18,"column":64},"end":{"line":18,"column":75}},"loc":{"start":{"line":18,"column":81},"end":{"line":18,"column":83}},"line":18},"3":{"name":"(anonymous_3)","decl":{"start":{"line":29,"column":28},"end":{"line":29,"column":43}},"loc":{"start":{"line":29,"column":43},"end":{"line":29,"column":null}},"line":29},"4":{"name":"(anonymous_4)","decl":{"start":{"line":35,"column":28},"end":{"line":35,"column":43}},"loc":{"start":{"line":35,"column":43},"end":{"line":35,"column":null}},"line":35},"5":{"name":"(anonymous_5)","decl":{"start":{"line":41,"column":28},"end":{"line":41,"column":43}},"loc":{"start":{"line":41,"column":43},"end":{"line":41,"column":null}},"line":41},"6":{"name":"(anonymous_6)","decl":{"start":{"line":51,"column":28},"end":{"line":51,"column":39}},"loc":{"start":{"line":51,"column":45},"end":{"line":51,"column":null}},"line":51},"7":{"name":"(anonymous_7)","decl":{"start":{"line":53,"column":40},"end":{"line":53,"column":45}},"loc":{"start":{"line":54,"column":32},"end":{"line":54,"column":null}},"line":54},"8":{"name":"(anonymous_8)","decl":{"start":{"line":77,"column":36},"end":{"line":77,"column":47}},"loc":{"start":{"line":77,"column":53},"end":{"line":77,"column":null}},"line":77}},"branchMap":{"0":{"loc":{"start":{"line":19,"column":17},"end":{"line":19,"column":null}},"type":"cond-expr","locations":[{"start":{"line":19,"column":38},"end":{"line":19,"column":45}},{"start":{"line":19,"column":45},"end":{"line":19,"column":null}}],"line":19},"1":{"loc":{"start":{"line":19,"column":45},"end":{"line":19,"column":null}},"type":"cond-expr","locations":[{"start":{"line":19,"column":57},"end":{"line":19,"column":64}},{"start":{"line":19,"column":64},"end":{"line":19,"column":null}}],"line":19},"2":{"loc":{"start":{"line":22,"column":13},"end":{"line":85,"column":null}},"type":"binary-expr","locations":[{"start":{"line":22,"column":13},"end":{"line":22,"column":null}},{"start":{"line":23,"column":16},"end":{"line":85,"column":null}}],"line":22},"3":{"loc":{"start":{"line":28,"column":60},"end":{"line":28,"column":null}},"type":"cond-expr","locations":[{"start":{"line":28,"column":81},"end":{"line":28,"column":97}},{"start":{"line":28,"column":97},"end":{"line":28,"column":null}}],"line":28},"4":{"loc":{"start":{"line":34,"column":60},"end":{"line":34,"column":null}},"type":"cond-expr","locations":[{"start":{"line":34,"column":88},"end":{"line":34,"column":104}},{"start":{"line":34,"column":104},"end":{"line":34,"column":null}}],"line":34},"5":{"loc":{"start":{"line":40,"column":60},"end":{"line":40,"column":null}},"type":"cond-expr","locations":[{"start":{"line":40,"column":86},"end":{"line":40,"column":102}},{"start":{"line":40,"column":102},"end":{"line":40,"column":null}}],"line":40},"6":{"loc":{"start":{"line":47,"column":21},"end":{"line":56,"column":null}},"type":"binary-expr","locations":[{"start":{"line":47,"column":21},"end":{"line":47,"column":null}},{"start":{"line":48,"column":24},"end":{"line":56,"column":null}}],"line":47},"7":{"loc":{"start":{"line":59,"column":21},"end":{"line":81,"column":null}},"type":"binary-expr","locations":[{"start":{"line":59,"column":21},"end":{"line":59,"column":null}},{"start":{"line":60,"column":24},"end":{"line":81,"column":null}}],"line":59},"8":{"loc":{"start":{"line":65,"column":37},"end":{"line":65,"column":null}},"type":"cond-expr","locations":[{"start":{"line":65,"column":49},"end":{"line":65,"column":63}},{"start":{"line":65,"column":63},"end":{"line":65,"column":null}}],"line":65}},"s":{"0":1,"1":16,"2":16,"3":16,"4":7,"5":7,"6":1,"7":1,"8":1,"9":1,"10":2,"11":1},"f":{"0":16,"1":7,"2":7,"3":1,"4":1,"5":1,"6":1,"7":2,"8":1},"b":{"0":[3,13],"1":[12,1],"2":[16,6],"3":[1,5],"4":[1,5],"5":[4,2],"6":[6,1],"7":[6,5],"8":[5,0]},"meta":{"lastBranch":9,"lastFunction":9,"lastStatement":12,"seen":{"s:5:6:87:Infinity":0,"f:5:6:5:26":0,"s:12:8:12:23":1,"s:14:32:14:Infinity":2,"s:16:4:85:Infinity":3,"f:18:49:18:64":1,"s:18:64:18:86":4,"f:18:64:18:75":2,"s:18:81:18:83":5,"b:19:38:19:45:19:45:19:Infinity":0,"b:19:57:19:64:19:64:19:Infinity":1,"b:22:13:22:Infinity:23:16:85:Infinity":2,"b:28:81:28:97:28:97:28:Infinity":3,"f:29:28:29:43":3,"s:29:43:29:Infinity":6,"b:34:88:34:104:34:104:34:Infinity":4,"f:35:28:35:43":4,"s:35:43:35:Infinity":7,"b:40:86:40:102:40:102:40:Infinity":5,"f:41:28:41:43":5,"s:41:43:41:Infinity":8,"b:47:21:47:Infinity:48:24:56:Infinity":6,"f:51:28:51:39":6,"s:51:45:51:Infinity":9,"f:53:40:53:45":7,"s:54:32:54:Infinity":10,"b:59:21:59:Infinity:60:24:81:Infinity":7,"b:65:49:65:63:65:63:65:Infinity":8,"f:77:36:77:47":8,"s:77:53:77:Infinity":11},"fnNames":{}}}
,"C:\\Users\\jenny\\OneDrive\\Escritorio\\ejercicios\\VELVET\\Velvet_Front\\src\\components\\molecules\\MusicPlayer\\music-player.module.css": {"path":"C:\\Users\\jenny\\OneDrive\\Escritorio\\ejercicios\\VELVET\\Velvet_Front\\src\\components\\molecules\\MusicPlayer\\music-player.module.css","statementMap":{},"fnMap":{},"branchMap":{},"s":{},"f":{},"b":{},"meta":{"lastBranch":0,"lastFunction":0,"lastStatement":0,"seen":{},"fnNames":{}}}
,"C:\\Users\\jenny\\OneDrive\\Escritorio\\ejercicios\\VELVET\\Velvet_Front\\src\\components\\molecules\\ProgressBar\\ProgressBar.jsx": {"path":"C:\\Users\\jenny\\OneDrive\\Escritorio\\ejercicios\\VELVET\\Velvet_Front\\src\\components\\molecules\\ProgressBar\\ProgressBar.jsx","statementMap":{"0":{"start":{"line":3,"column":6},"end":{"line":19,"column":null}},"1":{"start":{"line":4,"column":24},"end":{"line":4,"column":null}},"2":{"start":{"line":5,"column":23},"end":{"line":5,"column":null}},"3":{"start":{"line":7,"column":4},"end":{"line":17,"column":null}}},"fnMap":{"0":{"name":"(anonymous_0)","decl":{"start":{"line":3,"column":6},"end":{"line":3,"column":21}},"loc":{"start":{"line":3,"column":79},"end":{"line":19,"column":null}},"line":3}},"branchMap":{"0":{"loc":{"start":{"line":5,"column":23},"end":{"line":5,"column":null}},"type":"cond-expr","locations":[{"start":{"line":5,"column":42},"end":{"line":5,"column":76}},{"start":{"line":5,"column":76},"end":{"line":5,"column":null}}],"line":5}},"s":{"0":2,"1":95,"2":95,"3":95},"f":{"0":95},"b":{"0":[94,1]},"meta":{"lastBranch":1,"lastFunction":1,"lastStatement":4,"seen":{"s:3:6:19:Infinity":0,"f:3:6:3:21":0,"s:4:24:4:Infinity":1,"s:5:23:5:Infinity":2,"b:5:42:5:76:5:76:5:Infinity":0,"s:7:4:17:Infinity":3},"fnNames":{}}}
,"C:\\Users\\jenny\\OneDrive\\Escritorio\\ejercicios\\VELVET\\Velvet_Front\\src\\components\\molecules\\ProgressBar\\progress-bar.module.css": {"path":"C:\\Users\\jenny\\OneDrive\\Escritorio\\ejercicios\\VELVET\\Velvet_Front\\src\\components\\molecules\\ProgressBar\\progress-bar.module.css","statementMap":{},"fnMap":{},"branchMap":{},"s":{},"f":{},"b":{},"meta":{"lastBranch":0,"lastFunction":0,"lastStatement":0,"seen":{},"fnNames":{}}}
[...]
4},"end":{"line":41,"column":31}},"loc":{"start":{"line":41,"column":60},"end":{"line":48,"column":null}},"line":41},"8":{"name":"(anonymous_8)","decl":{"start":{"line":50,"column":23},"end":{"line":50,"column":30}},"loc":{"start":{"line":50,"column":48},"end":{"line":55,"column":null}},"line":50},"9":{"name":"(anonymous_9)","decl":{"start":{"line":57,"column":33},"end":{"line":57,"column":40}},"loc":{"start":{"line":57,"column":57},"end":{"line":62,"column":null}},"line":57},"10":{"name":"(anonymous_10)","decl":{"start":{"line":64,"column":33},"end":{"line":64,"column":40}},"loc":{"start":{"line":64,"column":50},"end":{"line":69,"column":null}},"line":64}},"branchMap":{},"s":{"0":1,"1":1,"2":1,"3":1,"4":1,"5":2,"6":1,"7":1,"8":1,"9":1,"10":1,"11":1,"12":1,"13":1,"14":1,"15":1,"16":1,"17":1,"18":1,"19":1,"20":1,"21":1,"22":1,"23":1,"24":1,"25":1,"26":1,"27":1,"28":1,"29":1,"30":1,"31":1},"f":{"0":1,"1":1,"2":2,"3":1,"4":1,"5":1,"6":1,"7":1,"8":1,"9":1,"10":1},"b":{},"meta":{"lastBranch":0,"lastFunction":11,"lastStatement":32,"seen":{"s:3:6:83:Infinity":0,"f:3:6:3:25":0,"s:4:21:7:Infinity":1,"f:4:21:4:28":1,"s:5:21:5:Infinity":2,"s:6:4:6:Infinity":3,"s:9:16:15:Infinity":4,"f:9:16:9:23":2,"s:10:21:13:Infinity":5,"s:14:4:14:Infinity":6,"s:17:22:20:Infinity":7,"f:17:22:17:29":3,"s:18:21:18:Infinity":8,"s:19:4:19:Infinity":9,"s:22:20:25:Infinity":10,"f:22:20:22:27":4,"s:23:21:23:Infinity":11,"s:24:4:24:Infinity":12,"s:27:24:32:Infinity":13,"f:27:24:27:31":5,"s:28:21:30:Infinity":14,"s:31:4:31:Infinity":15,"s:34:25:39:Infinity":16,"f:34:25:34:32":6,"s:35:21:37:Infinity":17,"s:38:4:38:Infinity":18,"s:41:24:48:Infinity":19,"f:41:24:41:31":7,"s:42:21:46:Infinity":20,"s:47:4:47:Infinity":21,"s:50:23:55:Infinity":22,"f:50:23:50:30":8,"s:51:21:53:Infinity":23,"s:54:4:54:Infinity":24,"s:57:33:62:Infinity":25,"f:57:33:57:40":9,"s:58:21:60:Infinity":26,"s:61:4:61:Infinity":27,"s:64:33:69:Infinity":28,"f:64:33:64:40":10,"s:65:21:67:Infinity":29,"s:68:4:68:Infinity":30,"s:71:2:82:Infinity":31},"fnNames":{}}}
,"C:\\Users\\jenny\\OneDrive\\Escritorio\\ejercicios\\VELVET\\Velvet_Front\\src\\services\\apiInterpretation.js": {"path":"C:\\Users\\jenny\\OneDrive\\Escritorio\\ejercicios\\VELVET\\Velvet_Front\\src\\services\\apiInterpretation.js","statementMap":{"0":{"start":{"line":3,"column":6},"end":{"line":15,"column":null}},"1":{"start":{"line":4,"column":21},"end":{"line":12,"column":null}},"2":{"start":{"line":5,"column":25},"end":{"line":10,"column":null}},"3":{"start":{"line":11,"column":8},"end":{"line":11,"column":null}},"4":{"start":{"line":14,"column":4},"end":{"line":14,"column":null}}},"fnMap":{"0":{"name":"(anonymous_0)","decl":{"start":{"line":3,"column":6},"end":{"line":3,"column":32}},"loc":{"start":{"line":3,"column":32},"end":{"line":15,"column":null}},"line":3},"1":{"name":"(anonymous_1)","decl":{"start":{"line":4,"column":21},"end":{"line":4,"column":28}},"loc":{"start":{"line":4,"column":82},"end":{"line":12,"column":null}},"line":4}},"branchMap":{},"s":{"0":2,"1":1,"2":2,"3":1,"4":1},"f":{"0":1,"1":2},"b":{},"meta":{"lastBranch":0,"lastFunction":2,"lastStatement":5,"seen":{"s:3:6:15:Infinity":0,"f:3:6:3:32":0,"s:4:21:12:Infinity":1,"f:4:21:4:28":1,"s:5:25:10:Infinity":2,"s:11:8:11:Infinity":3,"s:14:4:14:Infinity":4},"fnNames":{}}}
,"C:\\Users\\jenny\\OneDrive\\Escritorio\\ejercicios\\VELVET\\Velvet_Front\\src\\services\\apiProgress.js": {"path":"C:\\Users\\jenny\\OneDrive\\Escritorio\\ejercicios\\VELVET\\Velvet_Front\\src\\services\\apiProgress.js","statementMap":{"0":{"start":{"line":3,"column":6},"end":{"line":20,"column":null}},"1":{"start":{"line":4,"column":24},"end":{"line":7,"column":null}},"2":{"start":{"line":5,"column":25},"end":{"line":5,"column":null}},"3":{"start":{"line":6,"column":8},"end":{"line":6,"column":null}},"4":{"start":{"line":9,"column":28},"end":{"line":12,"column":null}},"5":{"start":{"line":10,"column":25},"end":{"line":10,"column":null}},"6":{"start":{"line":11,"column":8},"end":{"line":11,"column":null}},"7":{"start":{"line":14,"column":26},"end":{"line":17,"column":null}},"8":{"start":{"line":15,"column":25},"end":{"line":15,"column":null}},"9":{"start":{"line":16,"column":8},"end":{"line":16,"column":null}},"10":{"start":{"line":19,"column":4},"end":{"line":19,"column":null}}},"fnMap":{"0":{"name":"(anonymous_0)","decl":{"start":{"line":3,"column":6},"end":{"line":3,"column":26}},"loc":{"start":{"line":3,"column":26},"end":{"line":20,"column":null}},"line":3},"1":{"name":"(anonymous_1)","decl":{"start":{"line":4,"column":24},"end":{"line":4,"column":31}},"loc":{"start":{"line":4,"column":45},"end":{"line":7,"column":null}},"line":4},"2":{"name":"(anonymous_2)","decl":{"start":{"line":9,"column":28},"end":{"line":9,"column":35}},"loc":{"start":{"line":9,"column":49},"end":{"line":12,"column":null}},"line":9},"3":{"name":"(anonymous_3)","decl":{"start":{"line":14,"column":26},"end":{"line":14,"column":33}},"loc":{"start":{"line":14,"column":47},"end":{"line":17,"column":null}},"line":14}},"branchMap":{},"s":{"0":2,"1":1,"2":2,"3":1,"4":1,"5":2,"6":1,"7":1,"8":2,"9":1,"10":1},"f":{"0":1,"1":2,"2":2,"3":2},"b":{},"meta":{"lastBranch":0,"lastFunction":4,"lastStatement":11,"seen":{"s:3:6:20:Infinity":0,"f:3:6:3:26":0,"s:4:24:7:Infinity":1,"f:4:24:4:31":1,"s:5:25:5:Infinity":2,"s:6:8:6:Infinity":3,"s:9:28:12:Infinity":4,"f:9:28:9:35":2,"s:10:25:10:Infinity":5,"s:11:8:11:Infinity":6,"s:14:26:17:Infinity":7,"f:14:26:14:33":3,"s:15:25:15:Infinity":8,"s:16:8:16:Infinity":9,"s:19:4:19:Infinity":10},"fnNames":{}}}
,"C:\\Users\\jenny\\OneDrive\\Escritorio\\ejercicios\\VELVET\\Velvet_Front\\src\\services\\apiReading.jsx": {"path":"C:\\Users\\jenny\\OneDrive\\Escritorio\\ejercicios\\VELVET\\Velvet_Front\\src\\services\\apiReading.jsx","statementMap":{"0":{"start":{"line":3,"column":6},"end":{"line":42,"column":null}},"1":{"start":{"line":4,"column":22},"end":{"line":7,"column":null}},"2":{"start":{"line":5,"column":21},"end":{"line":5,"column":null}},"3":{"start":{"line":6,"column":4},"end":{"line":6,"column":null}},"4":{"start":{"line":9,"column":24},"end":{"line":12,"column":null}},"5":{"start":{"line":10,"column":21},"end":{"line":10,"column":null}},"6":{"start":{"line":11,"column":4},"end":{"line":11,"column":null}},"7":{"start":{"line":14,"column":19},"end":{"line":17,"column":null}},"8":{"start":{"line":15,"column":21},"end":{"line":15,"column":null}},"9":{"start":{"line":16,"column":4},"end":{"line":16,"column":null}},"10":{"start":{"line":19,"column":24},"end":{"line":22,"column":null}},"11":{"start":{"line":20,"column":21},"end":{"line":20,"column":null}},"12":{"start":{"line":21,"column":4},"end":{"line":21,"column":null}},"13":{"start":{"line":24,"column":28},"end":{"line":29,"column":null}},"14":{"start":{"line":25,"column":21},"end":{"line":27,"column":null}},"15":{"start":{"line":28,"column":4},"end":{"line":28,"column":null}},"16":{"start":{"line":31,"column":18},"end":{"line":34,"column":null}},"17":{"start":{"line":32,"column":21},"end":{"line":32,"column":null}},"18":{"start":{"line":33,"column":4},"end":{"line":33,"column":null}},"19":{"start":{"line":36,"column":29},"end":{"line":39,"column":null}},"20":{"start":{"line":37,"column":21},"end":{"line":37,"column":null}},"21":{"start":{"line":38,"column":4},"end":{"line":38,"column":null}},"22":{"start":{"line":41,"column":0},"end":{"line":41,"column":null}}},"fnMap":{"0":{"name":"(anonymous_0)","decl":{"start":{"line":3,"column":6},"end":{"line":3,"column":25}},"loc":{"start":{"line":3,"column":25},"end":{"line":42,"column":null}},"line":3},"1":{"name":"(anonymous_1)","decl":{"start":{"line":4,"column":22},"end":{"line":4,"column":29}},"loc":{"start":{"line":4,"column":40},"end":{"line":7,"column":null}},"line":4},"2":{"name":"(anonymous_2)","decl":{"start":{"line":9,"column":24},"end":{"line":9,"column":31}},"loc":{"start":{"line":9,"column":47},"end":{"line":12,"column":null}},"line":9},"3":{"name":"(anonymous_3)","decl":{"start":{"line":14,"column":19},"end":{"line":14,"column":26}},"loc":{"start":{"line":14,"column":39},"end":{"line":17,"column":null}},"line":14},"4":{"name":"(anonymous_4)","decl":{"start":{"line":19,"column":24},"end":{"line":19,"column":31}},"loc":{"start":{"line":19,"column":38},"end":{"line":22,"column":null}},"line":19},"5":{"name":"(anonymous_5)","decl":{"start":{"line":24,"column":28},"end":{"line":24,"column":35}},"loc":{"start":{"line":24,"column":46},"end":{"line":29,"column":null}},"line":24},"6":{"name":"(anonymous_6)","decl":{"start":{"line":31,"column":18},"end":{"line":31,"column":25}},"loc":{"start":{"line":31,"column":32},"end":{"line":34,"column":null}},"line":31},"7":{"name":"(anonymous_7)","decl":{"start":{"line":36,"column":29},"end":{"line":36,"column":36}},"loc":{"start":{"line":36,"column":64},"end":{"line":39,"column":null}},"line":36}},"branchMap":{"0":{"loc":{"start":{"line":36,"column":50},"end":{"line":36,"column":64}},"type":"default-arg","locations":[{"start":{"line":36,"column":57},"end":{"line":36,"column":64}}],"line":36}},"s":{"0":7,"1":1,"2":1,"3":1,"4":1,"5":2,"6":1,"7":1,"8":1,"9":1,"10":1,"11":1,"12":1,"13":1,"14":1,"15":1,"16":1,"17":1,"18":1,"19":1,"20":0,"21":0,"22":1},"f":{"0":1,"1":1,"2":2,"3":1,"4":1,"5":1,"6":1,"7":0},"b":{"0":[0]},"meta":{"lastBranch":1,"lastFunction":8,"lastStatement":23,"seen":{"s:3:6:42:Infinity":0,"f:3:6:3:25":0,"s:4:22:7:Infinity":1,"f:4:22:4:29":1,"s:5:21:5:Infinity":2,"s:6:4:6:Infinity":3,"s:9:24:12:Infinity":4,"f:9:24:9:31":2,"s:10:21:10:Infinity":5,"s:11:4:11:Infinity":6,"s:14:19:17:Infinity":7,"f:14:19:14:26":3,"s:15:21:15:Infinity":8,"s:16:4:16:Infinity":9,"s:19:24:22:Infinity":10,"f:19:24:19:31":4,"s:20:21:20:Infinity":11,"s:21:4:21:Infinity":12,"s:24:28:29:Infinity":13,"f:24:28:24:35":5,"s:25:21:27:Infinity":14,"s:28:4:28:Infinity":15,"s:31:18:34:Infinity":16,"f:31:18:31:25":6,"s:32:21:32:Infinity":17,"s:33:4:33:Infinity":18,"s:36:29:39:Infinity":19,"f:36:29:36:36":7,"b:36:57:36:64":0,"s:37:21:37:Infinity":20,"s:38:4:38:Infinity":21,"s:41:0:41:Infinity":22},"fnNames":{}}}
,"C:\\Users\\jenny\\OneDrive\\Escritorio\\ejercicios\\VELVET\\Velvet_Front\\src\\services\\apiSakura.js": {"path":"C:\\Users\\jenny\\OneDrive\\Escritorio\\ejercicios\\VELVET\\Velvet_Front\\src\\services\\apiSakura.js","statementMap":{"0":{"start":{"line":3,"column":13},"end":{"line":36,"column":null}},"1":{"start":{"line":4,"column":18},"end":{"line":18,"column":null}},"2":{"start":{"line":5,"column":4},"end":{"line":17,"column":null}},"3":{"start":{"line":6,"column":23},"end":{"line":6,"column":null}},"4":{"start":{"line":7,"column":6},"end":{"line":13,"column":null}},"5":{"start":{"line":7,"column":42},"end":{"line":13,"column":8}},"6":{"start":{"line":15,"column":6},"end":{"line":15,"column":null}},"7":{"start":{"line":16,"column":6},"end":{"line":16,"column":null}},"8":{"start":{"line":20,"column":22},"end":{"line":33,"column":null}},"9":{"start":{"line":21,"column":4},"end":{"line":32,"column":null}},"10":{"start":{"line":22,"column":23},"end":{"line":22,"column":null}},"11":{"start":{"line":23,"column":19},"end":{"line":23,"column":null}},"12":{"start":{"line":24,"column":6},"end":{"line":28,"column":null}},"13":{"start":{"line":30,"column":6},"end":{"line":30,"column":null}},"14":{"start":{"line":31,"column":6},"end":{"line":31,"column":null}},"15":{"start":{"line":35,"column":2},"end":{"line":35,"column":null}}},"fnMap":{"0":{"name":"(anonymous_0)","decl":{"start":{"line":3,"column":13},"end":{"line":3,"column":31}},"loc":{"start":{"line":3,"column":31},"end":{"line":36,"column":null}},"line":3},"1":{"name":"(anonymous_1)","decl":{"start":{"line":4,"column":18},"end":{"line":4,"column":25}},"loc":{"start":{"line":4,"column":49},"end":{"line":18,"column":null}},"line":4},"2":{"name":"(anonymous_2)","decl":{"start":{"line":7,"column":27},"end":{"line":7,"column":32}},"loc":{"start":{"line":7,"column":42},"end":{"line":13,"column":8}},"line":7},"3":{"name":"(anonymous_3)","decl":{"start":{"line":20,"column":22},"end":{"line":20,"column":29}},"loc":{"start":{"line":20,"column":36},"end":{"line":33,"column":null}},"line":20}},"branchMap":{"0":{"loc":{"start":{"line":4,"column":25},"end":{"line":4,"column":49}},"type":"default-arg","locations":[{"start":{"line":4,"column":36},"end":{"line":4,"column":49}}],"line":4}},"s":{"0":2,"1":2,"2":6,"3":6,"4":4,"5":2,"6":2,"7":2,"8":2,"9":4,"10":4,"11":2,"12":2,"13":2,"14":2,"15":2},"f":{"0":2,"1":6,"2":2,"3":4},"b":{"0":[6]},"meta":{"lastBranch":1,"lastFunction":4,"lastStatement":16,"seen":{"s:3:13:36:Infinity":0,"f:3:13:3:31":0,"s:4:18:18:Infinity":1,"f:4:18:4:25":1,"b:4:36:4:49":0,"s:5:4:17:Infinity":2,"s:6:23:6:Infinity":3,"s:7:6:13:Infinity":4,"f:7:27:7:32":2,"s:7:42:13:8":5,"s:15:6:15:Infinity":6,"s:16:6:16:Infinity":7,"s:20:22:33:Infinity":8,"f:20:22:20:29":3,"s:21:4:32:Infinity":9,"s:22:23:22:Infinity":10,"s:23:19:23:Infinity":11,"s:24:6:28:Infinity":12,"s:30:6:30:Infinity":13,"s:31:6:31:Infinity":14,"s:35:2:35:Infinity":15},"fnNames":{}}}
,"C:\\Users\\jenny\\OneDrive\\Escritorio\\ejercicios\\VELVET\\Velvet_Front\\src\\services\\apiSave.jsx": {"path":"C:\\Users\\jenny\\OneDrive\\Escritorio\\ejercicios\\VELVET\\Velvet_Front\\src\\services\\apiSave.jsx","statementMap":{"0":{"start":{"line":3,"column":6},"end":{"line":30,"column":null}},"1":{"start":{"line":5,"column":14},"end":{"line":5,"column":null}},"2":{"start":{"line":7,"column":20},"end":{"line":21,"column":null}},"3":{"start":{"line":8,"column":8},"end":{"line":20,"column":null}},"4":{"start":{"line":9,"column":29},"end":{"line":9,"column":null}},"5":{"start":{"line":10,"column":12},"end":{"line":10,"column":null}},"6":{"start":{"line":12,"column":16},"end":{"line":18,"column":null}},"7":{"start":{"line":13,"column":20},"end":{"line":13,"column":null}},"8":{"start":{"line":14,"column":23},"end":{"line":18,"column":null}},"9":{"start":{"line":15,"column":20},"end":{"line":15,"column":null}},"10":{"start":{"line":17,"column":20},"end":{"line":17,"column":null}},"11":{"start":{"line":19,"column":16},"end":{"line":19,"column":null}},"12":{"start":{"line":24,"column":24},"end":{"line":27,"column":null}},"13":{"start":{"line":25,"column":25},"end":{"line":25,"column":null}},"14":{"start":{"line":26,"column":8},"end":{"line":26,"column":null}},"15":{"start":{"line":29,"column":4},"end":{"line":29,"column":null}}},"fnMap":{"0":{"name":"(anonymous_0)","decl":{"start":{"line":3,"column":6},"end":{"line":3,"column":18}},"loc":{"start":{"line":3,"column":18},"end":{"line":30,"column":null}},"line":3},"1":{"name":"(anonymous_1)","decl":{"start":{"line":7,"column":20},"end":{"line":7,"column":32}},"loc":{"start":{"line":7,"column":32},"end":{"line":21,"column":null}},"line":7},"2":{"name":"(anonymous_2)","decl":{"start":{"line":24,"column":24},"end":{"line":24,"column":31}},"loc":{"start":{"line":24,"column":47},"end":{"line":27,"column":null}},"line":24}},"branchMap":{"0":{"loc":{"start":{"line":12,"column":16},"end":{"line":18,"column":null}},"type":"if","locations":[{"start":{"line":12,"column":16},"end":{"line":18,"column":null}},{"start":{"line":14,"column":23},"end":{"line":18,"column":null}}],"line":12},"1":{"loc":{"start":{"line":14,"column":23},"end":{"line":18,"column":null}},"type":"if","locations":[{"start":{"line":14,"column":23},"end":{"line":18,"column":null}},{"start":{"line":16,"column":23},"end":{"line":18,"column":null}}],"line":14}},"s":{"0":1,"1":1,"2":1,"3":4,"4":4,"5":1,"6":3,"7":1,"8":2,"9":1,"10":1,"11":3,"12":1,"13":2,"14":1,"15":1},"f":{"0":1,"1":4,"2":2},"b":{"0":[1,2],"1":[1,1]},"meta":{"lastBranch":2,"lastFunction":3,"lastStatement":16,"seen":{"s:3:6:30:Infinity":0,"f:3:6:3:18":0,"s:5:14:5:Infinity":1,"s:7:20:21:Infinity":2,"f:7:20:7:32":1,"s:8:8:20:Infinity":3,"s:9:29:9:Infinity":4,"s:10:12:10:Infinity":5,"b:12:16:18:Infinity:14:23:18:Infinity":0,"s:12:16:18:Infinity":6,"s:13:20:13:Infinity":7,"b:14:23:18:Infinity:16:23:18:Infinity":1,"s:14:23:18:Infinity":8,"s:15:20:15:Infinity":9,"s:17:20:17:Infinity":10,"s:19:16:19:Infinity":11,"s:24:24:27:Infinity":12,"f:24:24:24:31":2,"s:25:25:25:Infinity":13,"s:26:8:26:Infinity":14,"s:29:4:29:Infinity":15},"fnNames":{}}}
,"C:\\Users\\jenny\\OneDrive\\Escritorio\\ejercicios\\VELVET\\Velvet_Front\\src\\services\\httpClient.js": {"path":"C:\\Users\\jenny\\OneDrive\\Escritorio\\ejercicios\\VELVET\\Velvet_Front\\src\\services\\httpClient.js","statementMap":{"0":{"start":{"line":3,"column":19},"end":{"line":5,"column":null}},"1":{"start":{"line":7,"column":0},"end":{"line":13,"column":null}},"2":{"start":{"line":8,"column":16},"end":{"line":8,"column":null}},"3":{"start":{"line":9,"column":2},"end":{"line":11,"column":null}},"4":{"start":{"line":10,"column":4},"end":{"line":10,"column":null}},"5":{"start":{"line":12,"column":2},"end":{"line":12,"column":null}},"6":{"start":{"line":15,"column":0},"end":{"line":28,"column":null}},"7":{"start":{"line":16,"column":16},"end":{"line":16,"column":null}},"8":{"start":{"line":18,"column":4},"end":{"line":25,"column":null}},"9":{"start":{"line":19,"column":23},"end":{"line":19,"column":null}},"10":{"start":{"line":20,"column":6},"end":{"line":20,"column":null}},"11":{"start":{"line":21,"column":6},"end":{"line":21,"column":null}},"12":{"start":{"line":22,"column":6},"end":{"line":24,"column":null}},"13":{"start":{"line":23,"column":8},"end":{"line":23,"column":null}},"14":{"start":{"line":26,"column":4},"end":{"line":26,"column":null}}},"fnMap":{"0":{"name":"(anonymous_0)","decl":{"start":{"line":7,"column":32},"end":{"line":7,"column":37}},"loc":{"start":{"line":7,"column":48},"end":{"line":13,"column":1}},"line":7},"1":{"name":"(anonymous_1)","decl":{"start":{"line":15,"column":33},"end":{"line":15,"column":null}},"loc":{"start":{"line":16,"column":16},"end":{"line":16,"column":null}},"line":16},"2":{"name":"(anonymous_2)","decl":{"start":{"line":16,"column":16},"end":{"line":16,"column":null}},"loc":{"start":{"line":17,"column":13},"end":{"line":27,"column":null}},"line":17}},"branchMap":{"0":{"loc":{"start":{"line":9,"column":2},"end":{"line":11,"column":null}},"type":"if","locations":[{"start":{"line":9,"column":2},"end":{"line":11,"column":null}},{"start":{},"end":{}}],"line":9},"1":{"loc":{"start":{"line":18,"column":4},"end":{"line":25,"column":null}},"type":"if","locations":[{"start":{"line":18,"column":4},"end":{"line":25,"column":null}},{"start":{},"end":{}}],"line":18},"2":{"loc":{"start":{"line":18,"column":8},"end":{"line":18,"column":74}},"type":"binary-expr","locations":[{"start":{"line":18,"column":8},"end":{"line":18,"column":42}},{"start":{"line":18,"column":42},"end":{"line":18,"column":74}}],"line":18},"3":{"loc":{"start":{"line":22,"column":6},"end":{"line":24,"column":null}},"type":"if","locations":[{"start":{"line":22,"column":6},"end":{"line":24,"column":null}},{"start":{},"end":{}}],"line":22},"4":{"loc":{"start":{"line":22,"column":10},"end":{"line":22,"column":60}},"type":"binary-expr","locations":[{"start":{"line":22,"column":10},"end":{"line":22,"column":22}},{"start":{"line":22,"column":22},"end":{"line":22,"column":60}}],"line":22}},"s":{"0":8,"1":8,"2":2,"3":2,"4":1,"5":2,"6":8,"7":1,"8":5,"9":4,"10":4,"11":4,"12":4,"13":2,"14":5},"f":{"0":2,"1":1,"2":5},"b":{"0":[1,1],"1":[4,1],"2":[5,2],"3":[2,2],"4":[4,3]},"meta":{"lastBranch":5,"lastFunction":3,"lastStatement":15,"seen":{"s:3:19:5:Infinity":0,"s:7:0:13:Infinity":1,"f:7:32:7:37":0,"s:8:16:8:Infinity":2,"b:9:2:11:Infinity:undefined:undefined:undefined:undefined":0,"s:9:2:11:Infinity":3,"s:10:4:10:Infinity":4,"s:12:2:12:Infinity":5,"s:15:0:28:Infinity":6,"f:15:33:15:Infinity":1,"s:16:16:16:Infinity":7,"f:16:16:16:Infinity":2,"b:18:4:25:Infinity:undefined:undefined:undefined:undefined":1,"s:18:4:25:Infinity":8,"b:18:8:18:42:18:42:18:74":2,"s:19:23:19:Infinity":9,"s:20:6:20:Infinity":10,"s:21:6:21:Infinity":11,"b:22:6:24:Infinity:undefined:undefined:undefined:undefined":3,"s:22:6:24:Infinity":12,"b:22:10:22:22:22:22:22:60":4,"s:23:8:23:Infinity":13,"s:26:4:26:Infinity":14},"fnNames":{}}}
}
